<?xml version="1.0" encoding="utf-8"?><testsuites name="pytest tests"><testsuite name="pytest" errors="0" failures="1" skipped="0" tests="13" time="4.575" timestamp="2026-01-15T13:52:36.017029+00:00" hostname="agent-env-319b4c75-b602-464a-a173-9a4f6eba2fc2"><testcase classname="tests.test_iteration18_mobile_nav.TestHealthEndpoints" name="test_health_endpoint" time="0.101" /><testcase classname="tests.test_iteration18_mobile_nav.TestHealthEndpoints" name="test_root_health_endpoint" time="0.036"><failure message="requests.exceptions.JSONDecodeError: Expecting value: line 1 column 1 (char 0)">/root/.venv/lib/python3.11/site-packages/requests/models.py:976: in json
    return complexjson.loads(self.text, **kwargs)
           ^^^^^^^^^^^^^^^^^^^^^^^^^^^^^^^^^^^^^^
/usr/local/lib/python3.11/json/__init__.py:346: in loads
    return _default_decoder.decode(s)
           ^^^^^^^^^^^^^^^^^^^^^^^^^^
/usr/local/lib/python3.11/json/decoder.py:337: in decode
    obj, end = self.raw_decode(s, idx=_w(s, 0).end())
               ^^^^^^^^^^^^^^^^^^^^^^^^^^^^^^^^^^^^^^
/usr/local/lib/python3.11/json/decoder.py:355: in raw_decode
    raise JSONDecodeError("Expecting value", s, err.value) from None
E   json.decoder.JSONDecodeError: Expecting value: line 1 column 1 (char 0)

During handling of the above exception, another exception occurred:
tests/test_iteration18_mobile_nav.py:30: in test_root_health_endpoint
    data = response.json()
           ^^^^^^^^^^^^^^^
/root/.venv/lib/python3.11/site-packages/requests/models.py:980: in json
    raise RequestsJSONDecodeError(e.msg, e.doc, e.pos)
E   requests.exceptions.JSONDecodeError: Expecting value: line 1 column 1 (char 0)</failure></testcase><testcase classname="tests.test_iteration18_mobile_nav.TestHealthEndpoints" name="test_api_root" time="0.046" /><testcase classname="tests.test_iteration18_mobile_nav.TestPublicEndpoints" name="test_public_business_not_found" time="0.038" /><testcase classname="tests.test_iteration18_mobile_nav.TestPublicEndpoints" name="test_email_status" time="0.041" /><testcase classname="tests.test_iteration18_mobile_nav.TestProtectedEndpoints" name="test_auth_me_requires_auth" time="0.032" /><testcase classname="tests.test_iteration18_mobile_nav.TestProtectedEndpoints" name="test_business_requires_auth" time="0.034" /><testcase classname="tests.test_iteration18_mobile_nav.TestProtectedEndpoints" name="test_reviews_requires_auth" time="0.035" /><testcase classname="tests.test_iteration18_mobile_nav.TestProtectedEndpoints" name="test_analytics_requires_auth" time="0.072" /><testcase classname="tests.test_iteration18_mobile_nav.TestProtectedEndpoints" name="test_notifications_settings_requires_auth" time="0.040" /><testcase classname="tests.test_iteration18_mobile_nav.TestProtectedEndpoints" name="test_platforms_requires_auth" time="0.033" /><testcase classname="tests.test_iteration18_mobile_nav.TestProtectedEndpoints" name="test_integration_status_requires_auth" time="0.034" /><testcase classname="tests.test_iteration18_mobile_nav.TestAIEndpoints" name="test_public_ai_write_assist" time="3.883" /></testsuite></testsuites>