<?xml version="1.0" encoding="utf-8"?><testsuites name="pytest tests"><testsuite name="pytest" errors="0" failures="0" skipped="0" tests="18" time="0.722" timestamp="2026-01-30T18:50:24.328592+00:00" hostname="agent-env-cd62ffd0-c16d-4271-9c70-1b22c7f9a491"><testcase classname="backend.tests.test_iteration27_payment.TestHealthAndConfig" name="test_health_endpoint" time="0.058" /><testcase classname="backend.tests.test_iteration27_payment.TestHealthAndConfig" name="test_payment_config_endpoint" time="0.036" /><testcase classname="backend.tests.test_iteration27_payment.TestAuthEndpoints" name="test_auth_me_without_session" time="0.034" /><testcase classname="backend.tests.test_iteration27_payment.TestAuthEndpoints" name="test_auth_me_with_invalid_session" time="0.038" /><testcase classname="backend.tests.test_iteration27_payment.TestAuthEndpoints" name="test_auth_session_without_session_id" time="0.036" /><testcase classname="backend.tests.test_iteration27_payment.TestPaymentEndpointsAuth" name="test_create_order_requires_auth" time="0.035" /><testcase classname="backend.tests.test_iteration27_payment.TestPaymentEndpointsAuth" name="test_verify_payment_requires_auth" time="0.033" /><testcase classname="backend.tests.test_iteration27_payment.TestPaymentEndpointsAuth" name="test_create_subscription_requires_auth" time="0.034" /><testcase classname="backend.tests.test_iteration27_payment.TestPaymentEndpointsAuth" name="test_create_order_with_invalid_session" time="0.029" /><testcase classname="backend.tests.test_iteration27_payment.TestProtectedEndpoints" name="test_business_requires_auth" time="0.036" /><testcase classname="backend.tests.test_iteration27_payment.TestProtectedEndpoints" name="test_user_plan_requires_auth" time="0.030" /><testcase classname="backend.tests.test_iteration27_payment.TestProtectedEndpoints" name="test_reviews_requires_auth" time="0.034" /><testcase classname="backend.tests.test_iteration27_payment.TestProtectedEndpoints" name="test_locations_requires_auth" time="0.034" /><testcase classname="backend.tests.test_iteration27_payment.TestPublicEndpoints" name="test_public_review_page" time="0.074" /><testcase classname="backend.tests.test_iteration27_payment.TestPublicEndpoints" name="test_public_submit_review" time="0.032" /><testcase classname="backend.tests.test_iteration27_payment.TestDemoMode" name="test_demo_qr_code_info" time="0.034" /><testcase classname="backend.tests.test_iteration27_payment.TestPaymentConfigDetails" name="test_all_plan_pricing" time="0.034" /><testcase classname="backend.tests.test_iteration27_payment.TestPaymentConfigDetails" name="test_razorpay_enabled" time="0.033" /></testsuite></testsuites>