<?xml version="1.0" encoding="utf-8"?><testsuites name="pytest tests"><testsuite name="pytest" errors="0" failures="0" skipped="0" tests="8" time="1.260" timestamp="2026-02-04T15:26:25.989605+00:00" hostname="agent-env-796b5d95-393e-4e36-abe4-8c9e1e6aa089"><testcase classname="backend.tests.test_iteration37_final.TestHealthEndpoints" name="test_api_health" time="0.077" /><testcase classname="backend.tests.test_iteration37_final.TestPaymentConfig" name="test_payment_config" time="0.034" /><testcase classname="backend.tests.test_iteration37_final.TestSubscriptionLinks" name="test_starter_subscription_link" time="0.039" /><testcase classname="backend.tests.test_iteration37_final.TestSubscriptionLinks" name="test_growth_subscription_link" time="0.039" /><testcase classname="backend.tests.test_iteration37_final.TestSubscriptionLinks" name="test_enterprise_subscription_link" time="0.034" /><testcase classname="backend.tests.test_iteration37_final.TestPublicEndpoints" name="test_qr_code_public_page" time="0.037" /><testcase classname="backend.tests.test_iteration37_final.TestPublicEndpoints" name="test_auth_me_without_session" time="0.034" /><testcase classname="backend.tests.test_iteration37_final.TestGuestPayment" name="test_guest_create_order_endpoint_exists" time="0.903" /></testsuite></testsuites>