<?xml version="1.0" encoding="utf-8"?><testsuites name="pytest tests"><testsuite name="pytest" errors="0" failures="2" skipped="0" tests="16" time="6.826" timestamp="2026-01-12T18:48:05.140169+00:00" hostname="agent-env-608c1f6c-540c-44cf-b2af-c0e172bfc739"><testcase classname="tests.test_iteration12_instructions_update.TestHealthAndAuth" name="test_health_endpoint" time="0.074" /><testcase classname="tests.test_iteration12_instructions_update.TestHealthAndAuth" name="test_auth_me_endpoint" time="0.037" /><testcase classname="tests.test_iteration12_instructions_update.TestIntegrationsAPI" name="test_get_platforms" time="0.040" /><testcase classname="tests.test_iteration12_instructions_update.TestIntegrationsAPI" name="test_google_connect_with_review_link" time="0.045" /><testcase classname="tests.test_iteration12_instructions_update.TestIntegrationsAPI" name="test_facebook_connect_with_review_link" time="0.088" /><testcase classname="tests.test_iteration12_instructions_update.TestIntegrationsAPI" name="test_integration_status" time="0.042"><failure message="KeyError: 'connected'">tests/test_iteration12_instructions_update.py:93: in test_integration_status
    print(f"✅ Integration status - Google: {data['google']['connected']}, Facebook: {data['facebook']['connected']}")
                                            ^^^^^^^^^^^^^^^^^^^^^^^^^^^
E   KeyError: 'connected'</failure></testcase><testcase classname="tests.test_iteration12_instructions_update.TestWebhookAPI" name="test_get_webhook_config" time="0.042"><failure message="assert 520 == 200&#10; +  where 520 = &lt;Response [520]&gt;.status_code">tests/test_iteration12_instructions_update.py:102: in test_get_webhook_config
    assert response.status_code == 200
E   assert 520 == 200
E    +  where 520 = &lt;Response [520]&gt;.status_code</failure></testcase><testcase classname="tests.test_iteration12_instructions_update.TestWebhookAPI" name="test_webhook_events" time="0.042" /><testcase classname="tests.test_iteration12_instructions_update.TestWebhookAPI" name="test_update_webhook_config" time="0.040" /><testcase classname="tests.test_iteration12_instructions_update.TestPublicReviewAPI" name="test_get_public_business" time="0.117" /><testcase classname="tests.test_iteration12_instructions_update.TestPublicReviewAPI" name="test_public_ai_write_assist" time="5.889" /><testcase classname="tests.test_iteration12_instructions_update.TestBusinessAPI" name="test_get_business" time="0.059" /><testcase classname="tests.test_iteration12_instructions_update.TestReviewsAPI" name="test_get_reviews" time="0.039" /><testcase classname="tests.test_iteration12_instructions_update.TestReviewsAPI" name="test_get_private_reviews" time="0.036" /><testcase classname="tests.test_iteration12_instructions_update.TestAnalyticsAPI" name="test_analytics_overview" time="0.039" /><testcase classname="tests.test_iteration12_instructions_update.TestQRCodeAPI" name="test_business_has_qr_code" time="0.039" /></testsuite></testsuites>