<?xml version="1.0" encoding="utf-8"?><testsuites name="pytest tests"><testsuite name="pytest" errors="0" failures="0" skipped="0" tests="13" time="2.945" timestamp="2026-01-26T15:03:54.505753+00:00" hostname="agent-env-af9015ef-07eb-42a7-bbc2-d250fc9e1b80"><testcase classname="backend.tests.test_iteration22_locations.TestHealthAndBasics" name="test_health_endpoint" time="1.637" /><testcase classname="backend.tests.test_iteration22_locations.TestHealthAndBasics" name="test_api_root" time="0.046" /><testcase classname="backend.tests.test_iteration22_locations.TestUserPlan" name="test_get_user_plan" time="0.047" /><testcase classname="backend.tests.test_iteration22_locations.TestLocationCRUD" name="test_create_first_location" time="0.044" /><testcase classname="backend.tests.test_iteration22_locations.TestLocationCRUD" name="test_create_second_location" time="0.043" /><testcase classname="backend.tests.test_iteration22_locations.TestLocationCRUD" name="test_create_third_location" time="0.059" /><testcase classname="backend.tests.test_iteration22_locations.TestLocationCRUD" name="test_create_fourth_location_fails" time="0.041" /><testcase classname="backend.tests.test_iteration22_locations.TestLocationCRUD" name="test_get_locations" time="0.048" /><testcase classname="backend.tests.test_iteration22_locations.TestQRCodePersistence" name="test_update_location_preserves_qr_code_id" time="0.134" /><testcase classname="backend.tests.test_iteration22_locations.TestDeleteLocation" name="test_delete_location_always_allowed" time="0.132" /><testcase classname="backend.tests.test_iteration22_locations.TestDeleteLocation" name="test_delete_until_one_location" time="0.211" /><testcase classname="backend.tests.test_iteration22_locations.TestDeleteLocation" name="test_can_add_location_after_delete" time="0.043" /><testcase classname="backend.tests.test_iteration22_locations.TestDemoMode" name="test_demo_location_has_qr_code_id" time="0.389" /></testsuite></testsuites>