<?xml version="1.0" encoding="utf-8"?><testsuites name="pytest tests"><testsuite name="pytest" errors="0" failures="0" skipped="0" tests="15" time="0.637" timestamp="2026-01-31T14:32:43.352466+00:00" hostname="agent-env-cd62ffd0-c16d-4271-9c70-1b22c7f9a491"><testcase classname="backend.tests.test_iteration28_subscription.TestHealthAndConfig" name="test_health_endpoint" time="0.052" /><testcase classname="backend.tests.test_iteration28_subscription.TestHealthAndConfig" name="test_payment_config" time="0.034" /><testcase classname="backend.tests.test_iteration28_subscription.TestAuthEndpoints" name="test_auth_me_without_session" time="0.035" /><testcase classname="backend.tests.test_iteration28_subscription.TestAuthEndpoints" name="test_auth_me_with_invalid_session" time="0.042" /><testcase classname="backend.tests.test_iteration28_subscription.TestSubscriptionEndpoints" name="test_create_subscription_without_auth" time="0.031" /><testcase classname="backend.tests.test_iteration28_subscription.TestSubscriptionEndpoints" name="test_verify_subscription_without_auth" time="0.043" /><testcase classname="backend.tests.test_iteration28_subscription.TestSubscriptionEndpoints" name="test_create_order_without_auth" time="0.036" /><testcase classname="backend.tests.test_iteration28_subscription.TestSubscriptionEndpoints" name="test_verify_payment_without_auth" time="0.037" /><testcase classname="backend.tests.test_iteration28_subscription.TestProtectedEndpoints" name="test_business_endpoint" time="0.041" /><testcase classname="backend.tests.test_iteration28_subscription.TestProtectedEndpoints" name="test_user_plan_endpoint" time="0.037" /><testcase classname="backend.tests.test_iteration28_subscription.TestProtectedEndpoints" name="test_reviews_endpoint" time="0.034" /><testcase classname="backend.tests.test_iteration28_subscription.TestProtectedEndpoints" name="test_locations_endpoint" time="0.033" /><testcase classname="backend.tests.test_iteration28_subscription.TestPublicEndpoints" name="test_public_business_page" time="0.035" /><testcase classname="backend.tests.test_iteration28_subscription.TestPublicEndpoints" name="test_public_review_submission" time="0.043" /><testcase classname="backend.tests.test_iteration28_subscription.TestPlanConfigs" name="test_plan_pricing_values" time="0.037" /></testsuite></testsuites>