<?xml version="1.0" encoding="utf-8"?><testsuites name="pytest tests"><testsuite name="pytest" errors="0" failures="0" skipped="0" tests="13" time="0.658" timestamp="2026-01-31T15:55:24.249972+00:00" hostname="agent-env-cd62ffd0-c16d-4271-9c70-1b22c7f9a491"><testcase classname="backend.tests.test_iteration30_subscription_management.TestHealthEndpoint" name="test_health_endpoint" time="0.074" /><testcase classname="backend.tests.test_iteration30_subscription_management.TestNewSubscriptionEndpoints" name="test_user_subscription_without_auth" time="0.039" /><testcase classname="backend.tests.test_iteration30_subscription_management.TestNewSubscriptionEndpoints" name="test_subscription_cancel_without_auth" time="0.039" /><testcase classname="backend.tests.test_iteration30_subscription_management.TestNewSubscriptionEndpoints" name="test_payment_history_without_auth" time="0.043" /><testcase classname="backend.tests.test_iteration30_subscription_management.TestNewSubscriptionEndpoints" name="test_update_payment_method_without_auth" time="0.035" /><testcase classname="backend.tests.test_iteration30_subscription_management.TestPricingConfiguration" name="test_payment_config_endpoint" time="0.038" /><testcase classname="backend.tests.test_iteration30_subscription_management.TestPricingConfiguration" name="test_monthly_pricing" time="0.072" /><testcase classname="backend.tests.test_iteration30_subscription_management.TestPricingConfiguration" name="test_yearly_pricing" time="0.034" /><testcase classname="backend.tests.test_iteration30_subscription_management.TestPricingConfiguration" name="test_yearly_savings" time="0.034" /><testcase classname="backend.tests.test_iteration30_subscription_management.TestExistingAuthEndpoints" name="test_auth_me_without_session" time="0.079" /><testcase classname="backend.tests.test_iteration30_subscription_management.TestExistingAuthEndpoints" name="test_business_endpoint_without_auth" time="0.037" /><testcase classname="backend.tests.test_iteration30_subscription_management.TestExistingAuthEndpoints" name="test_user_plan_without_auth" time="0.034" /><testcase classname="backend.tests.test_iteration30_subscription_management.TestPublicEndpoints" name="test_public_business_demo" time="0.036" /></testsuite></testsuites>