<?xml version="1.0" encoding="utf-8"?><testsuites name="pytest tests"><testsuite name="pytest" errors="0" failures="0" skipped="0" tests="7" time="0.602" timestamp="2026-02-04T16:21:16.058938+00:00" hostname="agent-env-796b5d95-393e-4e36-abe4-8c9e1e6aa089"><testcase classname="backend.tests.test_subscription_flow.TestSubscriptionFlow" name="test_health_check" time="0.067" /><testcase classname="backend.tests.test_subscription_flow.TestSubscriptionFlow" name="test_payment_config" time="0.038" /><testcase classname="backend.tests.test_subscription_flow.TestSubscriptionFlow" name="test_guest_order_creation" time="0.376" /><testcase classname="backend.tests.test_subscription_flow.TestSubscriptionFlow" name="test_unauthenticated_plan_status" time="0.036" /><testcase classname="backend.tests.test_subscription_flow.TestSubscriptionFlow" name="test_unauthenticated_dashboard_redirect" time="0.037" /><testcase classname="backend.tests.test_subscription_flow.TestLifetimeAccessEmails" name="test_lifetime_emails_configured" time="0.000" /><testcase classname="backend.tests.test_subscription_flow.TestPlatformLogos" name="test_seven_platforms_supported" time="0.000" /></testsuite></testsuites>