<?xml version="1.0" encoding="utf-8"?><testsuites name="pytest tests"><testsuite name="pytest" errors="0" failures="0" skipped="0" tests="21" time="2.047" timestamp="2026-01-15T15:28:04.706052+00:00" hostname="agent-env-319b4c75-b602-464a-a173-9a4f6eba2fc2"><testcase classname="tests.test_iteration19_pricing_reviews.TestHealthEndpoints" name="test_api_health_endpoint" time="0.050" /><testcase classname="tests.test_iteration19_pricing_reviews.TestHealthEndpoints" name="test_api_root" time="0.032" /><testcase classname="tests.test_iteration19_pricing_reviews.TestAuthEndpoints" name="test_auth_me_without_token" time="0.031" /><testcase classname="tests.test_iteration19_pricing_reviews.TestAuthEndpoints" name="test_auth_session_requires_session_id" time="0.033" /><testcase classname="tests.test_iteration19_pricing_reviews.TestAuthEndpoints" name="test_auth_session_with_plan_selection" time="0.108" /><testcase classname="tests.test_iteration19_pricing_reviews.TestReviewEndpoints" name="test_reviews_endpoint_requires_auth" time="0.034" /><testcase classname="tests.test_iteration19_pricing_reviews.TestReviewEndpoints" name="test_private_reviews_endpoint_requires_auth" time="0.081" /><testcase classname="tests.test_iteration19_pricing_reviews.TestReviewEndpoints" name="test_respond_endpoint_requires_auth" time="0.032" /><testcase classname="tests.test_iteration19_pricing_reviews.TestPlanEndpoints" name="test_user_plan_requires_auth" time="0.056" /><testcase classname="tests.test_iteration19_pricing_reviews.TestPlanEndpoints" name="test_plan_upgrade_requires_auth" time="0.041" /><testcase classname="tests.test_iteration19_pricing_reviews.TestAIEndpoints" name="test_public_ai_write_assist" time="1.167" /><testcase classname="tests.test_iteration19_pricing_reviews.TestAIEndpoints" name="test_ai_generate_response_requires_auth" time="0.031" /><testcase classname="tests.test_iteration19_pricing_reviews.TestIntegrationStatus" name="test_integration_status_requires_auth" time="0.035" /><testcase classname="tests.test_iteration19_pricing_reviews.TestIntegrationStatus" name="test_email_status_public" time="0.035" /><testcase classname="tests.test_iteration19_pricing_reviews.TestPlatformEndpoints" name="test_platforms_requires_auth" time="0.029" /><testcase classname="tests.test_iteration19_pricing_reviews.TestPlatformEndpoints" name="test_google_search_requires_auth" time="0.035" /><testcase classname="tests.test_iteration19_pricing_reviews.TestPlatformEndpoints" name="test_facebook_search_requires_auth" time="0.031" /><testcase classname="tests.test_iteration19_pricing_reviews.TestBusinessEndpoints" name="test_business_requires_auth" time="0.031" /><testcase classname="tests.test_iteration19_pricing_reviews.TestAnalyticsEndpoints" name="test_analytics_overview_requires_auth" time="0.030" /><testcase classname="tests.test_iteration19_pricing_reviews.TestAnalyticsEndpoints" name="test_analytics_trends_requires_auth" time="0.031" /><testcase classname="tests.test_iteration19_pricing_reviews.TestNotificationEndpoints" name="test_notification_settings_requires_auth" time="0.031" /></testsuite></testsuites>