<?xml version="1.0" encoding="utf-8"?><testsuites name="pytest tests"><testsuite name="pytest" errors="0" failures="0" skipped="0" tests="19" time="1.384" timestamp="2026-01-28T06:50:06.566554+00:00" hostname="agent-env-af9015ef-07eb-42a7-bbc2-d250fc9e1b80"><testcase classname="backend.tests.test_iteration25_swiggy_zomato.TestSwiggyZomatoIntegration" name="test_swiggy_connect_location_success" time="0.227" /><testcase classname="backend.tests.test_iteration25_swiggy_zomato.TestSwiggyZomatoIntegration" name="test_swiggy_connect_location_listing_url" time="0.055" /><testcase classname="backend.tests.test_iteration25_swiggy_zomato.TestSwiggyZomatoIntegration" name="test_swiggy_connect_location_missing_link" time="0.049" /><testcase classname="backend.tests.test_iteration25_swiggy_zomato.TestSwiggyZomatoIntegration" name="test_swiggy_connect_location_not_found" time="0.049" /><testcase classname="backend.tests.test_iteration25_swiggy_zomato.TestSwiggyZomatoIntegration" name="test_swiggy_connect_location_unauthorized" time="0.043" /><testcase classname="backend.tests.test_iteration25_swiggy_zomato.TestSwiggyZomatoIntegration" name="test_zomato_connect_location_success" time="0.055" /><testcase classname="backend.tests.test_iteration25_swiggy_zomato.TestSwiggyZomatoIntegration" name="test_zomato_connect_location_missing_link" time="0.049" /><testcase classname="backend.tests.test_iteration25_swiggy_zomato.TestSwiggyZomatoIntegration" name="test_zomato_connect_location_not_found" time="0.046" /><testcase classname="backend.tests.test_iteration25_swiggy_zomato.TestSwiggyZomatoIntegration" name="test_zomato_connect_location_unauthorized" time="0.044" /><testcase classname="backend.tests.test_iteration25_swiggy_zomato.TestSwiggyZomatoIntegration" name="test_public_business_returns_swiggy_platform" time="0.094" /><testcase classname="backend.tests.test_iteration25_swiggy_zomato.TestSwiggyZomatoIntegration" name="test_public_business_returns_zomato_platform" time="0.083" /><testcase classname="backend.tests.test_iteration25_swiggy_zomato.TestSwiggyZomatoIntegration" name="test_public_business_returns_both_swiggy_zomato" time="0.127" /><testcase classname="backend.tests.test_iteration25_swiggy_zomato.TestSwiggyZomatoIntegration" name="test_demo_qr_returns_google_facebook_only" time="0.043" /><testcase classname="backend.tests.test_iteration25_swiggy_zomato.TestSwiggyZomatoIntegration" name="test_swiggy_connect_business_success" time="0.091" /><testcase classname="backend.tests.test_iteration25_swiggy_zomato.TestSwiggyZomatoIntegration" name="test_zomato_connect_business_success" time="0.046" /><testcase classname="backend.tests.test_iteration25_swiggy_zomato.TestSwiggyZomatoIntegration" name="test_swiggy_connect_invalid_url" time="0.047" /><testcase classname="backend.tests.test_iteration25_swiggy_zomato.TestSwiggyZomatoIntegration" name="test_zomato_connect_invalid_url" time="0.045" /><testcase classname="backend.tests.test_iteration25_swiggy_zomato.TestSwiggyZomatoDisconnect" name="test_disconnect_swiggy" time="0.048" /><testcase classname="backend.tests.test_iteration25_swiggy_zomato.TestSwiggyZomatoDisconnect" name="test_disconnect_zomato" time="0.057" /></testsuite></testsuites>