<?xml version="1.0" encoding="utf-8"?><testsuites name="pytest tests"><testsuite name="pytest" errors="0" failures="1" skipped="0" tests="11" time="0.619" timestamp="2026-01-14T19:49:17.147712+00:00" hostname="agent-env-319b4c75-b602-464a-a173-9a4f6eba2fc2"><testcase classname="tests.test_iteration17_navigation.TestBackendHealth" name="test_health_endpoint" time="0.077" /><testcase classname="tests.test_iteration17_navigation.TestBackendHealth" name="test_root_api_endpoint" time="0.074" /><testcase classname="tests.test_iteration17_navigation.TestBackendHealth" name="test_protected_endpoint_without_auth" time="0.035" /><testcase classname="tests.test_iteration17_navigation.TestBackendHealth" name="test_business_endpoint_without_auth" time="0.042" /><testcase classname="tests.test_iteration17_navigation.TestNavigationRoutes" name="test_landing_page" time="0.046" /><testcase classname="tests.test_iteration17_navigation.TestNavigationRoutes" name="test_dashboard_route_redirects" time="0.033" /><testcase classname="tests.test_iteration17_navigation.TestNavigationRoutes" name="test_webhooks_route" time="0.035" /><testcase classname="tests.test_iteration17_navigation.TestNavigationRoutes" name="test_notifications_route" time="0.037" /><testcase classname="tests.test_iteration17_navigation.TestNavigationRoutes" name="test_api_settings_route" time="0.036"><failure message="assert 404 == 200&#10; +  where 404 = &lt;Response [404]&gt;.status_code">tests/test_iteration17_navigation.py:76: in test_api_settings_route
    assert response.status_code == 200
E   assert 404 == 200
E    +  where 404 = &lt;Response [404]&gt;.status_code</failure></testcase><testcase classname="tests.test_iteration17_navigation.TestNavigationRoutes" name="test_settings_route" time="0.044" /><testcase classname="tests.test_iteration17_navigation.TestNavigationRoutes" name="test_qr_generator_route" time="0.043" /></testsuite></testsuites>