<?xml version="1.0" encoding="utf-8"?><testsuites name="pytest tests"><testsuite name="pytest" errors="0" failures="0" skipped="0" tests="16" time="3.763" timestamp="2026-01-12T18:48:44.927755+00:00" hostname="agent-env-608c1f6c-540c-44cf-b2af-c0e172bfc739"><testcase classname="tests.test_iteration12_instructions_update.TestHealthAndAuth" name="test_health_endpoint" time="0.074" /><testcase classname="tests.test_iteration12_instructions_update.TestHealthAndAuth" name="test_auth_me_endpoint" time="0.040" /><testcase classname="tests.test_iteration12_instructions_update.TestIntegrationsAPI" name="test_get_platforms" time="0.039" /><testcase classname="tests.test_iteration12_instructions_update.TestIntegrationsAPI" name="test_google_connect_with_review_link" time="0.048" /><testcase classname="tests.test_iteration12_instructions_update.TestIntegrationsAPI" name="test_facebook_connect_with_review_link" time="0.048" /><testcase classname="tests.test_iteration12_instructions_update.TestIntegrationsAPI" name="test_integration_status" time="0.034" /><testcase classname="tests.test_iteration12_instructions_update.TestWebhookAPI" name="test_get_webhook_config" time="0.048" /><testcase classname="tests.test_iteration12_instructions_update.TestWebhookAPI" name="test_webhook_events" time="0.042" /><testcase classname="tests.test_iteration12_instructions_update.TestWebhookAPI" name="test_update_webhook_config" time="0.041" /><testcase classname="tests.test_iteration12_instructions_update.TestPublicReviewAPI" name="test_get_public_business" time="0.083" /><testcase classname="tests.test_iteration12_instructions_update.TestPublicReviewAPI" name="test_public_ai_write_assist" time="2.917" /><testcase classname="tests.test_iteration12_instructions_update.TestBusinessAPI" name="test_get_business" time="0.079" /><testcase classname="tests.test_iteration12_instructions_update.TestReviewsAPI" name="test_get_reviews" time="0.039" /><testcase classname="tests.test_iteration12_instructions_update.TestReviewsAPI" name="test_get_private_reviews" time="0.037" /><testcase classname="tests.test_iteration12_instructions_update.TestAnalyticsAPI" name="test_analytics_overview" time="0.036" /><testcase classname="tests.test_iteration12_instructions_update.TestQRCodeAPI" name="test_business_has_qr_code" time="0.079" /></testsuite></testsuites>