<?xml version="1.0" encoding="utf-8"?><testsuites name="pytest tests"><testsuite name="pytest" errors="0" failures="0" skipped="0" tests="14" time="0.677" timestamp="2026-01-31T16:45:26.684565+00:00" hostname="agent-env-cd62ffd0-c16d-4271-9c70-1b22c7f9a491"><testcase classname="backend.tests.test_iteration31_payment_fix.TestHealthAndConfig" name="test_health_endpoint" time="0.058" /><testcase classname="backend.tests.test_iteration31_payment_fix.TestHealthAndConfig" name="test_payment_config_endpoint" time="0.040" /><testcase classname="backend.tests.test_iteration31_payment_fix.TestHealthAndConfig" name="test_monthly_pricing_values" time="0.036" /><testcase classname="backend.tests.test_iteration31_payment_fix.TestHealthAndConfig" name="test_yearly_pricing_values" time="0.031" /><testcase classname="backend.tests.test_iteration31_payment_fix.TestPaymentEndpointsAuth" name="test_create_order_requires_auth" time="0.042" /><testcase classname="backend.tests.test_iteration31_payment_fix.TestPaymentEndpointsAuth" name="test_verify_payment_requires_auth" time="0.032" /><testcase classname="backend.tests.test_iteration31_payment_fix.TestPaymentEndpointsAuth" name="test_payment_history_requires_auth" time="0.036" /><testcase classname="backend.tests.test_iteration31_payment_fix.TestPaymentEndpointsAuth" name="test_user_subscription_requires_auth" time="0.040" /><testcase classname="backend.tests.test_iteration31_payment_fix.TestPaymentEndpointsAuth" name="test_subscription_cancel_requires_auth" time="0.036" /><testcase classname="backend.tests.test_iteration31_payment_fix.TestAuthEndpoints" name="test_auth_me_requires_session" time="0.037" /><testcase classname="backend.tests.test_iteration31_payment_fix.TestAuthEndpoints" name="test_business_requires_auth" time="0.074" /><testcase classname="backend.tests.test_iteration31_payment_fix.TestAuthEndpoints" name="test_user_plan_requires_auth" time="0.037" /><testcase classname="backend.tests.test_iteration31_payment_fix.TestPublicEndpoints" name="test_demo_qr_code_accessible" time="0.075" /><testcase classname="backend.tests.test_iteration31_payment_fix.TestPublicEndpoints" name="test_payment_config_public" time="0.039" /></testsuite></testsuites>