<?xml version="1.0" encoding="utf-8"?><testsuites name="pytest tests"><testsuite name="pytest" errors="0" failures="0" skipped="0" tests="14" time="3.896" timestamp="2026-01-12T15:49:33.868960+00:00" hostname="agent-env-608c1f6c-540c-44cf-b2af-c0e172bfc739"><testcase classname="tests.test_bug_fixes_iteration8.TestBackendAPIs" name="test_health_endpoint" time="0.074" /><testcase classname="tests.test_bug_fixes_iteration8.TestBackendAPIs" name="test_reviews_endpoint_returns_array" time="0.041" /><testcase classname="tests.test_bug_fixes_iteration8.TestBackendAPIs" name="test_private_reviews_endpoint_returns_array" time="0.041" /><testcase classname="tests.test_bug_fixes_iteration8.TestBackendAPIs" name="test_analytics_overview_returns_proper_structure" time="0.039" /><testcase classname="tests.test_bug_fixes_iteration8.TestBackendAPIs" name="test_platforms_endpoint" time="0.037" /><testcase classname="tests.test_bug_fixes_iteration8.TestBackendAPIs" name="test_integration_status_endpoint" time="0.040" /><testcase classname="tests.test_bug_fixes_iteration8.TestBackendAPIs" name="test_public_business_endpoint" time="0.040" /><testcase classname="tests.test_bug_fixes_iteration8.TestBackendAPIs" name="test_google_search_endpoint" time="0.343" /><testcase classname="tests.test_bug_fixes_iteration8.TestBackendAPIs" name="test_facebook_search_endpoint" time="0.348" /><testcase classname="tests.test_bug_fixes_iteration8.TestReviewFiltering" name="test_filter_by_platform_google" time="0.039" /><testcase classname="tests.test_bug_fixes_iteration8.TestReviewFiltering" name="test_filter_by_platform_facebook" time="0.045" /><testcase classname="tests.test_bug_fixes_iteration8.TestReviewFiltering" name="test_filter_by_sentiment_positive" time="0.044" /><testcase classname="tests.test_bug_fixes_iteration8.TestReviewFiltering" name="test_filter_by_responded_true" time="0.040" /><testcase classname="tests.test_bug_fixes_iteration8.TestReviewResponse" name="test_ai_generate_response" time="2.605" /></testsuite></testsuites>