<?xml version="1.0" encoding="utf-8"?><testsuites name="pytest tests"><testsuite name="pytest" errors="0" failures="2" skipped="0" tests="15" time="0.707" timestamp="2026-01-31T14:31:35.612585+00:00" hostname="agent-env-cd62ffd0-c16d-4271-9c70-1b22c7f9a491"><testcase classname="backend.tests.test_iteration28_subscription.TestHealthAndConfig" name="test_health_endpoint" time="0.075" /><testcase classname="backend.tests.test_iteration28_subscription.TestHealthAndConfig" name="test_payment_config" time="0.039" /><testcase classname="backend.tests.test_iteration28_subscription.TestAuthEndpoints" name="test_auth_me_without_session" time="0.037" /><testcase classname="backend.tests.test_iteration28_subscription.TestAuthEndpoints" name="test_auth_me_with_invalid_session" time="0.052" /><testcase classname="backend.tests.test_iteration28_subscription.TestSubscriptionEndpoints" name="test_create_subscription_without_auth" time="0.039" /><testcase classname="backend.tests.test_iteration28_subscription.TestSubscriptionEndpoints" name="test_verify_subscription_without_auth" time="0.039" /><testcase classname="backend.tests.test_iteration28_subscription.TestSubscriptionEndpoints" name="test_create_order_without_auth" time="0.037" /><testcase classname="backend.tests.test_iteration28_subscription.TestSubscriptionEndpoints" name="test_verify_payment_without_auth" time="0.044" /><testcase classname="backend.tests.test_iteration28_subscription.TestProtectedEndpoints" name="test_business_endpoint" time="0.039" /><testcase classname="backend.tests.test_iteration28_subscription.TestProtectedEndpoints" name="test_user_plan_endpoint" time="0.041" /><testcase classname="backend.tests.test_iteration28_subscription.TestProtectedEndpoints" name="test_reviews_endpoint" time="0.033" /><testcase classname="backend.tests.test_iteration28_subscription.TestProtectedEndpoints" name="test_locations_endpoint" time="0.039" /><testcase classname="backend.tests.test_iteration28_subscription.TestPublicEndpoints" name="test_public_review_page" time="0.035"><failure message="assert 404 == 200&#10; +  where 404 = &lt;Response [404]&gt;.status_code">backend/tests/test_iteration28_subscription.py:173: in test_public_review_page
    assert response.status_code == 200
E   assert 404 == 200
E    +  where 404 = &lt;Response [404]&gt;.status_code</failure></testcase><testcase classname="backend.tests.test_iteration28_subscription.TestPublicEndpoints" name="test_public_review_submission" time="0.031"><failure message="assert 404 in [200, 201]&#10; +  where 404 = &lt;Response [404]&gt;.status_code">backend/tests/test_iteration28_subscription.py:190: in test_public_review_submission
    assert response.status_code in [200, 201]
E   assert 404 in [200, 201]
E    +  where 404 = &lt;Response [404]&gt;.status_code</failure></testcase><testcase classname="backend.tests.test_iteration28_subscription.TestPlanConfigs" name="test_plan_pricing_values" time="0.036" /></testsuite></testsuites>