<?xml version="1.0" encoding="utf-8"?><testsuites name="pytest tests"><testsuite name="pytest" errors="0" failures="0" skipped="0" tests="18" time="5.088" timestamp="2026-01-12T17:13:05.431469+00:00" hostname="agent-env-608c1f6c-540c-44cf-b2af-c0e172bfc739"><testcase classname="tests.test_iteration10_object_error.TestHealthEndpoint" name="test_health_returns_healthy" time="0.061" /><testcase classname="tests.test_iteration10_object_error.TestAuthEndpoints" name="test_auth_me_with_valid_session" time="0.044" /><testcase classname="tests.test_iteration10_object_error.TestAuthEndpoints" name="test_auth_me_without_session" time="0.040" /><testcase classname="tests.test_iteration10_object_error.TestBusinessEndpoints" name="test_get_business" time="0.042" /><testcase classname="tests.test_iteration10_object_error.TestAnalyticsEndpoints" name="test_analytics_overview_structure" time="0.047" /><testcase classname="tests.test_iteration10_object_error.TestAnalyticsEndpoints" name="test_analytics_trends" time="0.046" /><testcase classname="tests.test_iteration10_object_error.TestReviewsEndpoints" name="test_get_reviews_returns_array" time="0.042" /><testcase classname="tests.test_iteration10_object_error.TestReviewsEndpoints" name="test_get_private_reviews_returns_array" time="0.045" /><testcase classname="tests.test_iteration10_object_error.TestReviewsEndpoints" name="test_reviews_filter_by_platform" time="0.043" /><testcase classname="tests.test_iteration10_object_error.TestPlatformsEndpoints" name="test_get_platforms_returns_array" time="0.041" /><testcase classname="tests.test_iteration10_object_error.TestIntegrationStatusEndpoint" name="test_integration_status_structure" time="0.037" /><testcase classname="tests.test_iteration10_object_error.TestPublicEndpoints" name="test_public_business_info" time="0.040" /><testcase classname="tests.test_iteration10_object_error.TestSearchEndpoints" name="test_google_search" time="0.341" /><testcase classname="tests.test_iteration10_object_error.TestSearchEndpoints" name="test_facebook_search" time="0.339" /><testcase classname="tests.test_iteration10_object_error.TestAPICredentialsEndpoints" name="test_get_api_credentials" time="0.039" /><testcase classname="tests.test_iteration10_object_error.TestAIEndpoints" name="test_ai_write_assist" time="3.583" /><testcase classname="tests.test_iteration10_object_error.TestErrorHandling" name="test_404_error_message" time="0.078" /><testcase classname="tests.test_iteration10_object_error.TestErrorHandling" name="test_401_error_message" time="0.036" /></testsuite></testsuites>