<?xml version="1.0" encoding="utf-8"?><testsuites name="pytest tests"><testsuite name="pytest" errors="0" failures="0" skipped="0" tests="24" time="6.918" timestamp="2026-01-12T16:27:35.579073+00:00" hostname="agent-env-608c1f6c-540c-44cf-b2af-c0e172bfc739"><testcase classname="tests.test_iteration9_features.TestHealthAndBasics" name="test_health_endpoint" time="0.102" /><testcase classname="tests.test_iteration9_features.TestHealthAndBasics" name="test_auth_me_endpoint" time="0.043" /><testcase classname="tests.test_iteration9_features.TestGoogleSearchAPI" name="test_google_search_returns_results" time="0.342" /><testcase classname="tests.test_iteration9_features.TestGoogleSearchAPI" name="test_google_search_with_short_query" time="0.346" /><testcase classname="tests.test_iteration9_features.TestFacebookSearchAPI" name="test_facebook_search_returns_results" time="0.342" /><testcase classname="tests.test_iteration9_features.TestGoogleConnectAPI" name="test_google_connect_with_place_id" time="0.050" /><testcase classname="tests.test_iteration9_features.TestFacebookConnectAPI" name="test_facebook_connect_with_page_id" time="0.046" /><testcase classname="tests.test_iteration9_features.TestAPICredentialsSettings" name="test_get_api_credentials" time="0.041" /><testcase classname="tests.test_iteration9_features.TestAPICredentialsSettings" name="test_put_api_credentials_google" time="0.099" /><testcase classname="tests.test_iteration9_features.TestAPICredentialsSettings" name="test_put_api_credentials_facebook" time="0.042" /><testcase classname="tests.test_iteration9_features.TestAPICredentialsSettings" name="test_test_connection_google" time="0.183" /><testcase classname="tests.test_iteration9_features.TestAPICredentialsSettings" name="test_test_connection_facebook" time="0.149" /><testcase classname="tests.test_iteration9_features.TestReviewsAPI" name="test_get_reviews" time="0.041" /><testcase classname="tests.test_iteration9_features.TestReviewsAPI" name="test_get_reviews_filter_by_platform" time="0.039" /><testcase classname="tests.test_iteration9_features.TestReviewsAPI" name="test_get_private_reviews" time="0.041" /><testcase classname="tests.test_iteration9_features.TestAnalyticsAPI" name="test_analytics_overview" time="0.083" /><testcase classname="tests.test_iteration9_features.TestPlatformsAPI" name="test_get_platforms" time="0.041" /><testcase classname="tests.test_iteration9_features.TestIntegrationStatus" name="test_integration_status" time="0.077" /><testcase classname="tests.test_iteration9_features.TestPublicReviewFlow" name="test_get_public_business" time="0.039" /><testcase classname="tests.test_iteration9_features.TestPublicReviewFlow" name="test_submit_public_review_high_rating" time="0.039" /><testcase classname="tests.test_iteration9_features.TestPublicReviewFlow" name="test_submit_public_review_low_rating" time="0.035" /><testcase classname="tests.test_iteration9_features.TestAIWriteAssist" name="test_public_ai_write_assist" time="4.474" /><testcase classname="tests.test_iteration9_features.TestDisconnectPlatform" name="test_disconnect_google" time="0.058" /><testcase classname="tests.test_iteration9_features.TestDisconnectPlatform" name="test_disconnect_facebook" time="0.053" /></testsuite></testsuites>