<?xml version="1.0" encoding="utf-8"?><testsuites name="pytest tests"><testsuite name="pytest" errors="10" failures="0" skipped="0" tests="13" time="0.241" timestamp="2026-01-26T15:02:56.428238+00:00" hostname="agent-env-af9015ef-07eb-42a7-bbc2-d250fc9e1b80"><testcase classname="backend.tests.test_iteration22_locations.TestHealthAndBasics" name="test_health_endpoint" time="0.078" /><testcase classname="backend.tests.test_iteration22_locations.TestHealthAndBasics" name="test_api_root" time="0.040" /><testcase classname="backend.tests.test_iteration22_locations.TestUserPlan" name="test_get_user_plan" time="0.000"><error message="failed on setup with &quot;file /app/backend/tests/test_iteration22_locations.py, line 134&#10;      def test_get_user_plan(self, setup_test_user):&#10;E       fixture 'setup_test_user' not found&#10;&gt;       available fixtures: anyio_backend, anyio_backend_name, anyio_backend_options, cache, capfd, capfdbinary, caplog, capsys, capsysbinary, capteesys, doctest_namespace, free_tcp_port, free_tcp_port_factory, free_udp_port, free_udp_port_factory, monkeypatch, pytestconfig, record_property, record_testsuite_property, record_xml_attribute, recwarn, subtests, tmp_path, tmp_path_factory, tmpdir, tmpdir_factory&#10;&gt;       use 'pytest --fixtures [testpath]' for help on them.&#10;&#10;/app/backend/tests/test_iteration22_locations.py:134&quot;">file /app/backend/tests/test_iteration22_locations.py, line 134
      def test_get_user_plan(self, setup_test_user):
E       fixture 'setup_test_user' not found
&gt;       available fixtures: anyio_backend, anyio_backend_name, anyio_backend_options, cache, capfd, capfdbinary, caplog, capsys, capsysbinary, capteesys, doctest_namespace, free_tcp_port, free_tcp_port_factory, free_udp_port, free_udp_port_factory, monkeypatch, pytestconfig, record_property, record_testsuite_property, record_xml_attribute, recwarn, subtests, tmp_path, tmp_path_factory, tmpdir, tmpdir_factory
&gt;       use 'pytest --fixtures [testpath]' for help on them.

/app/backend/tests/test_iteration22_locations.py:134</error></testcase><testcase classname="backend.tests.test_iteration22_locations.TestLocationCRUD" name="test_create_first_location" time="0.000"><error message="failed on setup with &quot;file /app/backend/tests/test_iteration22_locations.py, line 157&#10;      def test_create_first_location(self, setup_test_user):&#10;E       fixture 'setup_test_user' not found&#10;&gt;       available fixtures: anyio_backend, anyio_backend_name, anyio_backend_options, cache, capfd, capfdbinary, caplog, capsys, capsysbinary, capteesys, doctest_namespace, free_tcp_port, free_tcp_port_factory, free_udp_port, free_udp_port_factory, monkeypatch, pytestconfig, record_property, record_testsuite_property, record_xml_attribute, recwarn, subtests, tmp_path, tmp_path_factory, tmpdir, tmpdir_factory&#10;&gt;       use 'pytest --fixtures [testpath]' for help on them.&#10;&#10;/app/backend/tests/test_iteration22_locations.py:157&quot;">file /app/backend/tests/test_iteration22_locations.py, line 157
      def test_create_first_location(self, setup_test_user):
E       fixture 'setup_test_user' not found
&gt;       available fixtures: anyio_backend, anyio_backend_name, anyio_backend_options, cache, capfd, capfdbinary, caplog, capsys, capsysbinary, capteesys, doctest_namespace, free_tcp_port, free_tcp_port_factory, free_udp_port, free_udp_port_factory, monkeypatch, pytestconfig, record_property, record_testsuite_property, record_xml_attribute, recwarn, subtests, tmp_path, tmp_path_factory, tmpdir, tmpdir_factory
&gt;       use 'pytest --fixtures [testpath]' for help on them.

/app/backend/tests/test_iteration22_locations.py:157</error></testcase><testcase classname="backend.tests.test_iteration22_locations.TestLocationCRUD" name="test_create_second_location" time="0.000"><error message="failed on setup with &quot;file /app/backend/tests/test_iteration22_locations.py, line 179&#10;      def test_create_second_location(self, setup_test_user):&#10;E       fixture 'setup_test_user' not found&#10;&gt;       available fixtures: anyio_backend, anyio_backend_name, anyio_backend_options, cache, capfd, capfdbinary, caplog, capsys, capsysbinary, capteesys, doctest_namespace, free_tcp_port, free_tcp_port_factory, free_udp_port, free_udp_port_factory, monkeypatch, pytestconfig, record_property, record_testsuite_property, record_xml_attribute, recwarn, subtests, tmp_path, tmp_path_factory, tmpdir, tmpdir_factory&#10;&gt;       use 'pytest --fixtures [testpath]' for help on them.&#10;&#10;/app/backend/tests/test_iteration22_locations.py:179&quot;">file /app/backend/tests/test_iteration22_locations.py, line 179
      def test_create_second_location(self, setup_test_user):
E       fixture 'setup_test_user' not found
&gt;       available fixtures: anyio_backend, anyio_backend_name, anyio_backend_options, cache, capfd, capfdbinary, caplog, capsys, capsysbinary, capteesys, doctest_namespace, free_tcp_port, free_tcp_port_factory, free_udp_port, free_udp_port_factory, monkeypatch, pytestconfig, record_property, record_testsuite_property, record_xml_attribute, recwarn, subtests, tmp_path, tmp_path_factory, tmpdir, tmpdir_factory
&gt;       use 'pytest --fixtures [testpath]' for help on them.

/app/backend/tests/test_iteration22_locations.py:179</error></testcase><testcase classname="backend.tests.test_iteration22_locations.TestLocationCRUD" name="test_create_third_location" time="0.000"><error message="failed on setup with &quot;file /app/backend/tests/test_iteration22_locations.py, line 196&#10;      def test_create_third_location(self, setup_test_user):&#10;E       fixture 'setup_test_user' not found&#10;&gt;       available fixtures: anyio_backend, anyio_backend_name, anyio_backend_options, cache, capfd, capfdbinary, caplog, capsys, capsysbinary, capteesys, doctest_namespace, free_tcp_port, free_tcp_port_factory, free_udp_port, free_udp_port_factory, monkeypatch, pytestconfig, record_property, record_testsuite_property, record_xml_attribute, recwarn, subtests, tmp_path, tmp_path_factory, tmpdir, tmpdir_factory&#10;&gt;       use 'pytest --fixtures [testpath]' for help on them.&#10;&#10;/app/backend/tests/test_iteration22_locations.py:196&quot;">file /app/backend/tests/test_iteration22_locations.py, line 196
      def test_create_third_location(self, setup_test_user):
E       fixture 'setup_test_user' not found
&gt;       available fixtures: anyio_backend, anyio_backend_name, anyio_backend_options, cache, capfd, capfdbinary, caplog, capsys, capsysbinary, capteesys, doctest_namespace, free_tcp_port, free_tcp_port_factory, free_udp_port, free_udp_port_factory, monkeypatch, pytestconfig, record_property, record_testsuite_property, record_xml_attribute, recwarn, subtests, tmp_path, tmp_path_factory, tmpdir, tmpdir_factory
&gt;       use 'pytest --fixtures [testpath]' for help on them.

/app/backend/tests/test_iteration22_locations.py:196</error></testcase><testcase classname="backend.tests.test_iteration22_locations.TestLocationCRUD" name="test_create_fourth_location_fails" time="0.000"><error message="failed on setup with &quot;file /app/backend/tests/test_iteration22_locations.py, line 210&#10;      def test_create_fourth_location_fails(self, setup_test_user):&#10;E       fixture 'setup_test_user' not found&#10;&gt;       available fixtures: anyio_backend, anyio_backend_name, anyio_backend_options, cache, capfd, capfdbinary, caplog, capsys, capsysbinary, capteesys, doctest_namespace, free_tcp_port, free_tcp_port_factory, free_udp_port, free_udp_port_factory, monkeypatch, pytestconfig, record_property, record_testsuite_property, record_xml_attribute, recwarn, subtests, tmp_path, tmp_path_factory, tmpdir, tmpdir_factory&#10;&gt;       use 'pytest --fixtures [testpath]' for help on them.&#10;&#10;/app/backend/tests/test_iteration22_locations.py:210&quot;">file /app/backend/tests/test_iteration22_locations.py, line 210
      def test_create_fourth_location_fails(self, setup_test_user):
E       fixture 'setup_test_user' not found
&gt;       available fixtures: anyio_backend, anyio_backend_name, anyio_backend_options, cache, capfd, capfdbinary, caplog, capsys, capsysbinary, capteesys, doctest_namespace, free_tcp_port, free_tcp_port_factory, free_udp_port, free_udp_port_factory, monkeypatch, pytestconfig, record_property, record_testsuite_property, record_xml_attribute, recwarn, subtests, tmp_path, tmp_path_factory, tmpdir, tmpdir_factory
&gt;       use 'pytest --fixtures [testpath]' for help on them.

/app/backend/tests/test_iteration22_locations.py:210</error></testcase><testcase classname="backend.tests.test_iteration22_locations.TestLocationCRUD" name="test_get_locations" time="0.000"><error message="failed on setup with &quot;file /app/backend/tests/test_iteration22_locations.py, line 227&#10;      def test_get_locations(self, setup_test_user):&#10;E       fixture 'setup_test_user' not found&#10;&gt;       available fixtures: anyio_backend, anyio_backend_name, anyio_backend_options, cache, capfd, capfdbinary, caplog, capsys, capsysbinary, capteesys, doctest_namespace, free_tcp_port, free_tcp_port_factory, free_udp_port, free_udp_port_factory, monkeypatch, pytestconfig, record_property, record_testsuite_property, record_xml_attribute, recwarn, subtests, tmp_path, tmp_path_factory, tmpdir, tmpdir_factory&#10;&gt;       use 'pytest --fixtures [testpath]' for help on them.&#10;&#10;/app/backend/tests/test_iteration22_locations.py:227&quot;">file /app/backend/tests/test_iteration22_locations.py, line 227
      def test_get_locations(self, setup_test_user):
E       fixture 'setup_test_user' not found
&gt;       available fixtures: anyio_backend, anyio_backend_name, anyio_backend_options, cache, capfd, capfdbinary, caplog, capsys, capsysbinary, capteesys, doctest_namespace, free_tcp_port, free_tcp_port_factory, free_udp_port, free_udp_port_factory, monkeypatch, pytestconfig, record_property, record_testsuite_property, record_xml_attribute, recwarn, subtests, tmp_path, tmp_path_factory, tmpdir, tmpdir_factory
&gt;       use 'pytest --fixtures [testpath]' for help on them.

/app/backend/tests/test_iteration22_locations.py:227</error></testcase><testcase classname="backend.tests.test_iteration22_locations.TestQRCodePersistence" name="test_update_location_preserves_qr_code_id" time="0.000"><error message="failed on setup with &quot;file /app/backend/tests/test_iteration22_locations.py, line 246&#10;      def test_update_location_preserves_qr_code_id(self, setup_test_user):&#10;E       fixture 'setup_test_user' not found&#10;&gt;       available fixtures: anyio_backend, anyio_backend_name, anyio_backend_options, cache, capfd, capfdbinary, caplog, capsys, capsysbinary, capteesys, doctest_namespace, free_tcp_port, free_tcp_port_factory, free_udp_port, free_udp_port_factory, monkeypatch, pytestconfig, record_property, record_testsuite_property, record_xml_attribute, recwarn, subtests, tmp_path, tmp_path_factory, tmpdir, tmpdir_factory&#10;&gt;       use 'pytest --fixtures [testpath]' for help on them.&#10;&#10;/app/backend/tests/test_iteration22_locations.py:246&quot;">file /app/backend/tests/test_iteration22_locations.py, line 246
      def test_update_location_preserves_qr_code_id(self, setup_test_user):
E       fixture 'setup_test_user' not found
&gt;       available fixtures: anyio_backend, anyio_backend_name, anyio_backend_options, cache, capfd, capfdbinary, caplog, capsys, capsysbinary, capteesys, doctest_namespace, free_tcp_port, free_tcp_port_factory, free_udp_port, free_udp_port_factory, monkeypatch, pytestconfig, record_property, record_testsuite_property, record_xml_attribute, recwarn, subtests, tmp_path, tmp_path_factory, tmpdir, tmpdir_factory
&gt;       use 'pytest --fixtures [testpath]' for help on them.

/app/backend/tests/test_iteration22_locations.py:246</error></testcase><testcase classname="backend.tests.test_iteration22_locations.TestDeleteLocation" name="test_delete_location_always_allowed" time="0.000"><error message="failed on setup with &quot;file /app/backend/tests/test_iteration22_locations.py, line 296&#10;      def test_delete_location_always_allowed(self, setup_test_user):&#10;E       fixture 'setup_test_user' not found&#10;&gt;       available fixtures: anyio_backend, anyio_backend_name, anyio_backend_options, cache, capfd, capfdbinary, caplog, capsys, capsysbinary, capteesys, doctest_namespace, free_tcp_port, free_tcp_port_factory, free_udp_port, free_udp_port_factory, monkeypatch, pytestconfig, record_property, record_testsuite_property, record_xml_attribute, recwarn, subtests, tmp_path, tmp_path_factory, tmpdir, tmpdir_factory&#10;&gt;       use 'pytest --fixtures [testpath]' for help on them.&#10;&#10;/app/backend/tests/test_iteration22_locations.py:296&quot;">file /app/backend/tests/test_iteration22_locations.py, line 296
      def test_delete_location_always_allowed(self, setup_test_user):
E       fixture 'setup_test_user' not found
&gt;       available fixtures: anyio_backend, anyio_backend_name, anyio_backend_options, cache, capfd, capfdbinary, caplog, capsys, capsysbinary, capteesys, doctest_namespace, free_tcp_port, free_tcp_port_factory, free_udp_port, free_udp_port_factory, monkeypatch, pytestconfig, record_property, record_testsuite_property, record_xml_attribute, recwarn, subtests, tmp_path, tmp_path_factory, tmpdir, tmpdir_factory
&gt;       use 'pytest --fixtures [testpath]' for help on them.

/app/backend/tests/test_iteration22_locations.py:296</error></testcase><testcase classname="backend.tests.test_iteration22_locations.TestDeleteLocation" name="test_delete_until_one_location" time="0.000"><error message="failed on setup with &quot;file /app/backend/tests/test_iteration22_locations.py, line 329&#10;      def test_delete_until_one_location(self, setup_test_user):&#10;E       fixture 'setup_test_user' not found&#10;&gt;       available fixtures: anyio_backend, anyio_backend_name, anyio_backend_options, cache, capfd, capfdbinary, caplog, capsys, capsysbinary, capteesys, doctest_namespace, free_tcp_port, free_tcp_port_factory, free_udp_port, free_udp_port_factory, monkeypatch, pytestconfig, record_property, record_testsuite_property, record_xml_attribute, recwarn, subtests, tmp_path, tmp_path_factory, tmpdir, tmpdir_factory&#10;&gt;       use 'pytest --fixtures [testpath]' for help on them.&#10;&#10;/app/backend/tests/test_iteration22_locations.py:329&quot;">file /app/backend/tests/test_iteration22_locations.py, line 329
      def test_delete_until_one_location(self, setup_test_user):
E       fixture 'setup_test_user' not found
&gt;       available fixtures: anyio_backend, anyio_backend_name, anyio_backend_options, cache, capfd, capfdbinary, caplog, capsys, capsysbinary, capteesys, doctest_namespace, free_tcp_port, free_tcp_port_factory, free_udp_port, free_udp_port_factory, monkeypatch, pytestconfig, record_property, record_testsuite_property, record_xml_attribute, recwarn, subtests, tmp_path, tmp_path_factory, tmpdir, tmpdir_factory
&gt;       use 'pytest --fixtures [testpath]' for help on them.

/app/backend/tests/test_iteration22_locations.py:329</error></testcase><testcase classname="backend.tests.test_iteration22_locations.TestDeleteLocation" name="test_can_add_location_after_delete" time="0.000"><error message="failed on setup with &quot;file /app/backend/tests/test_iteration22_locations.py, line 371&#10;      def test_can_add_location_after_delete(self, setup_test_user):&#10;E       fixture 'setup_test_user' not found&#10;&gt;       available fixtures: anyio_backend, anyio_backend_name, anyio_backend_options, cache, capfd, capfdbinary, caplog, capsys, capsysbinary, capteesys, doctest_namespace, free_tcp_port, free_tcp_port_factory, free_udp_port, free_udp_port_factory, monkeypatch, pytestconfig, record_property, record_testsuite_property, record_xml_attribute, recwarn, subtests, tmp_path, tmp_path_factory, tmpdir, tmpdir_factory&#10;&gt;       use 'pytest --fixtures [testpath]' for help on them.&#10;&#10;/app/backend/tests/test_iteration22_locations.py:371&quot;">file /app/backend/tests/test_iteration22_locations.py, line 371
      def test_can_add_location_after_delete(self, setup_test_user):
E       fixture 'setup_test_user' not found
&gt;       available fixtures: anyio_backend, anyio_backend_name, anyio_backend_options, cache, capfd, capfdbinary, caplog, capsys, capsysbinary, capteesys, doctest_namespace, free_tcp_port, free_tcp_port_factory, free_udp_port, free_udp_port_factory, monkeypatch, pytestconfig, record_property, record_testsuite_property, record_xml_attribute, recwarn, subtests, tmp_path, tmp_path_factory, tmpdir, tmpdir_factory
&gt;       use 'pytest --fixtures [testpath]' for help on them.

/app/backend/tests/test_iteration22_locations.py:371</error></testcase><testcase classname="backend.tests.test_iteration22_locations.TestDemoMode" name="test_demo_location_has_qr_code_id" time="0.041" /></testsuite></testsuites>