<?xml version="1.0" encoding="utf-8"?><testsuites name="pytest tests"><testsuite name="pytest" errors="0" failures="0" skipped="0" tests="14" time="0.657" timestamp="2026-01-27T18:12:32.291886+00:00" hostname="agent-env-af9015ef-07eb-42a7-bbc2-d250fc9e1b80"><testcase classname="backend.tests.test_iteration24_qr_codes.TestQRCodeLookup" name="test_real_qr_code_returns_optm_health_care" time="0.075" /><testcase classname="backend.tests.test_iteration24_qr_codes.TestQRCodeLookup" name="test_real_qr_code_has_google_platform" time="0.041" /><testcase classname="backend.tests.test_iteration24_qr_codes.TestQRCodeLookup" name="test_real_qr_code_has_facebook_platform" time="0.040" /><testcase classname="backend.tests.test_iteration24_qr_codes.TestQRCodeLookup" name="test_demo_qr_code_returns_demo_coffee_shop" time="0.044" /><testcase classname="backend.tests.test_iteration24_qr_codes.TestQRCodeLookup" name="test_demo_qr_code_has_both_platforms" time="0.032" /><testcase classname="backend.tests.test_iteration24_qr_codes.TestQRCodeLookup" name="test_invalid_qr_code_returns_404" time="0.038" /><testcase classname="backend.tests.test_iteration24_qr_codes.TestReviewSubmission" name="test_submit_review_with_location_id" time="0.040" /><testcase classname="backend.tests.test_iteration24_qr_codes.TestReviewSubmission" name="test_submit_private_review_low_rating" time="0.047" /><testcase classname="backend.tests.test_iteration24_qr_codes.TestReviewSubmission" name="test_submit_demo_review_returns_mock_success" time="0.036" /><testcase classname="backend.tests.test_iteration24_qr_codes.TestReviewSubmission" name="test_submit_review_invalid_business_returns_404" time="0.042" /><testcase classname="backend.tests.test_iteration24_qr_codes.TestReviewSubmission" name="test_submit_review_with_facebook_platform" time="0.045" /><testcase classname="backend.tests.test_iteration24_qr_codes.TestReviewSubmission" name="test_submit_direct_review" time="0.039" /><testcase classname="backend.tests.test_iteration24_qr_codes.TestAPIHealth" name="test_api_health" time="0.035" /><testcase classname="backend.tests.test_iteration24_qr_codes.TestAPIHealth" name="test_api_root" time="0.037" /></testsuite></testsuites>