<?xml version="1.0" encoding="utf-8"?><testsuites name="pytest tests"><testsuite name="pytest" errors="0" failures="0" skipped="0" tests="15" time="1.302" timestamp="2026-01-12T17:49:47.804479+00:00" hostname="agent-env-608c1f6c-540c-44cf-b2af-c0e172bfc739"><testcase classname="tests.test_iteration11_simplified_integrations.TestHealthAndAuth" name="test_health_endpoint" time="0.058" /><testcase classname="tests.test_iteration11_simplified_integrations.TestHealthAndAuth" name="test_auth_me_with_session" time="0.047" /><testcase classname="tests.test_iteration11_simplified_integrations.TestPlatformsAPI" name="test_get_platforms" time="0.040" /><testcase classname="tests.test_iteration11_simplified_integrations.TestGoogleConnect" name="test_google_connect_with_review_link" time="0.044" /><testcase classname="tests.test_iteration11_simplified_integrations.TestGoogleConnect" name="test_google_search_mock" time="0.339" /><testcase classname="tests.test_iteration11_simplified_integrations.TestFacebookConnect" name="test_facebook_connect_with_review_link" time="0.044" /><testcase classname="tests.test_iteration11_simplified_integrations.TestFacebookConnect" name="test_facebook_search_mock" time="0.342" /><testcase classname="tests.test_iteration11_simplified_integrations.TestBusinessEndpoints" name="test_get_business" time="0.039" /><testcase classname="tests.test_iteration11_simplified_integrations.TestIntegrationStatus" name="test_integration_status" time="0.040" /><testcase classname="tests.test_iteration11_simplified_integrations.TestAPISettings" name="test_get_api_credentials" time="0.037" /><testcase classname="tests.test_iteration11_simplified_integrations.TestPublicReviewPage" name="test_get_public_business" time="0.033" /><testcase classname="tests.test_iteration11_simplified_integrations.TestReviewsEndpoints" name="test_get_reviews" time="0.040" /><testcase classname="tests.test_iteration11_simplified_integrations.TestReviewsEndpoints" name="test_get_private_reviews" time="0.039" /><testcase classname="tests.test_iteration11_simplified_integrations.TestAnalyticsEndpoints" name="test_analytics_overview" time="0.039" /><testcase classname="tests.test_iteration11_simplified_integrations.TestPlatformDisconnect" name="test_disconnect_platform" time="0.048" /></testsuite></testsuites>