<?xml version="1.0" encoding="utf-8"?><testsuites name="pytest tests"><testsuite name="pytest" errors="0" failures="0" skipped="0" tests="11" time="1.580" timestamp="2026-01-27T16:22:16.641608+00:00" hostname="agent-env-af9015ef-07eb-42a7-bbc2-d250fc9e1b80"><testcase classname="backend.tests.test_iteration23_plans.TestPlanActivation" name="test_health_check" time="0.131" /><testcase classname="backend.tests.test_iteration23_plans.TestPlanActivation" name="test_enterprise_plan_returns_correct_data" time="0.049" /><testcase classname="backend.tests.test_iteration23_plans.TestPlanActivation" name="test_growth_plan_returns_correct_data" time="0.045" /><testcase classname="backend.tests.test_iteration23_plans.TestPlanActivation" name="test_starter_plan_returns_correct_data" time="0.044" /><testcase classname="backend.tests.test_iteration23_plans.TestPlanActivation" name="test_plan_sync_from_users_to_user_plans" time="0.050" /><testcase classname="backend.tests.test_iteration23_plans.TestPlanActivation" name="test_enterprise_can_add_unlimited_locations" time="0.290" /><testcase classname="backend.tests.test_iteration23_plans.TestPlanActivation" name="test_growth_plan_limited_to_3_locations" time="0.199" /><testcase classname="backend.tests.test_iteration23_plans.TestPlanActivation" name="test_starter_plan_limited_to_1_location" time="0.126" /><testcase classname="backend.tests.test_iteration23_plans.TestPlanActivation" name="test_facebook_integration_blocked_for_starter" time="0.116" /><testcase classname="backend.tests.test_iteration23_plans.TestPlanActivation" name="test_facebook_integration_allowed_for_growth" time="0.122" /><testcase classname="backend.tests.test_iteration23_plans.TestPlanActivation" name="test_locations_endpoint_returns_correct_max_locations" time="0.249" /></testsuite></testsuites>