<?xml version="1.0" encoding="utf-8"?><testsuites name="pytest tests"><testsuite name="pytest" errors="0" failures="0" skipped="0" tests="14" time="4.126" timestamp="2026-01-12T19:05:09.521719+00:00" hostname="agent-env-608c1f6c-540c-44cf-b2af-c0e172bfc739"><testcase classname="tests.test_iteration13_facebook_fix.TestHealthAndAuth" name="test_health_endpoint" time="0.081" /><testcase classname="tests.test_iteration13_facebook_fix.TestHealthAndAuth" name="test_auth_me_endpoint" time="0.043" /><testcase classname="tests.test_iteration13_facebook_fix.TestPublicBusinessAPI" name="test_public_business_returns_both_platforms" time="0.040" /><testcase classname="tests.test_iteration13_facebook_fix.TestPublicBusinessAPI" name="test_facebook_review_link_format" time="0.042" /><testcase classname="tests.test_iteration13_facebook_fix.TestGoogleConnectAPI" name="test_google_connect_works" time="0.049" /><testcase classname="tests.test_iteration13_facebook_fix.TestFacebookConnectAPI" name="test_facebook_connect_works" time="0.044" /><testcase classname="tests.test_iteration13_facebook_fix.TestIntegrationsAPI" name="test_get_platforms" time="0.039" /><testcase classname="tests.test_iteration13_facebook_fix.TestIntegrationsAPI" name="test_integration_status" time="0.037" /><testcase classname="tests.test_iteration13_facebook_fix.TestDashboardAPI" name="test_get_reviews_all_platforms" time="0.039" /><testcase classname="tests.test_iteration13_facebook_fix.TestDashboardAPI" name="test_analytics_overview" time="0.046" /><testcase classname="tests.test_iteration13_facebook_fix.TestPublicReviewSubmission" name="test_submit_review_with_google_platform" time="0.118" /><testcase classname="tests.test_iteration13_facebook_fix.TestPublicReviewSubmission" name="test_submit_review_with_facebook_platform" time="0.073" /><testcase classname="tests.test_iteration13_facebook_fix.TestPublicReviewSubmission" name="test_submit_review_with_direct_platform" time="0.078" /><testcase classname="tests.test_iteration13_facebook_fix.TestAIWriteAssist" name="test_public_ai_write_assist" time="3.312" /></testsuite></testsuites>