<?xml version="1.0" encoding="utf-8"?><testsuites name="pytest tests"><testsuite name="pytest" errors="0" failures="0" skipped="0" tests="15" time="4.515" timestamp="2026-01-24T12:38:42.628095+00:00" hostname="agent-env-af9015ef-07eb-42a7-bbc2-d250fc9e1b80"><testcase classname="backend.tests.test_iteration21_demo_qr.TestHealthAndBasics" name="test_health_endpoint" time="0.060" /><testcase classname="backend.tests.test_iteration21_demo_qr.TestHealthAndBasics" name="test_root_api_endpoint" time="0.037" /><testcase classname="backend.tests.test_iteration21_demo_qr.TestDemoQRCodeFeatures" name="test_demo_business_endpoint_returns_data" time="0.037" /><testcase classname="backend.tests.test_iteration21_demo_qr.TestDemoQRCodeFeatures" name="test_demo_business_has_google_review_link" time="0.040" /><testcase classname="backend.tests.test_iteration21_demo_qr.TestDemoQRCodeFeatures" name="test_demo_business_has_facebook_page_url" time="0.040" /><testcase classname="backend.tests.test_iteration21_demo_qr.TestDemoQRCodeFeatures" name="test_demo_qr_with_different_suffix" time="0.035" /><testcase classname="backend.tests.test_iteration21_demo_qr.TestDemoQRCodeFeatures" name="test_non_demo_qr_returns_404" time="0.039" /><testcase classname="backend.tests.test_iteration21_demo_qr.TestDemoReviewSubmission" name="test_demo_review_submission_5_stars" time="0.041" /><testcase classname="backend.tests.test_iteration21_demo_qr.TestDemoReviewSubmission" name="test_demo_review_submission_3_stars" time="0.043" /><testcase classname="backend.tests.test_iteration21_demo_qr.TestDemoReviewSubmission" name="test_demo_review_submission_1_star" time="0.035" /><testcase classname="backend.tests.test_iteration21_demo_qr.TestDemoReviewSubmission" name="test_demo_review_with_facebook_platform" time="0.073" /><testcase classname="backend.tests.test_iteration21_demo_qr.TestDemoReviewSubmission" name="test_demo_review_with_direct_platform" time="0.034" /><testcase classname="backend.tests.test_iteration21_demo_qr.TestPublicAIEndpoints" name="test_ai_write_assist_endpoint" time="2.701" /><testcase classname="backend.tests.test_iteration21_demo_qr.TestPublicAIEndpoints" name="test_ai_write_assist_with_keywords" time="1.196" /><testcase classname="backend.tests.test_iteration21_demo_qr.TestEmailServiceStatus" name="test_email_status_endpoint" time="0.035" /></testsuite></testsuites>