<?xml version="1.0" encoding="utf-8"?><testsuites name="pytest tests"><testsuite name="pytest" errors="0" failures="1" skipped="0" tests="14" time="0.642" timestamp="2026-01-31T16:44:59.628241+00:00" hostname="agent-env-cd62ffd0-c16d-4271-9c70-1b22c7f9a491"><testcase classname="backend.tests.test_iteration31_payment_fix.TestHealthAndConfig" name="test_health_endpoint" time="0.056" /><testcase classname="backend.tests.test_iteration31_payment_fix.TestHealthAndConfig" name="test_payment_config_endpoint" time="0.037" /><testcase classname="backend.tests.test_iteration31_payment_fix.TestHealthAndConfig" name="test_monthly_pricing_values" time="0.038" /><testcase classname="backend.tests.test_iteration31_payment_fix.TestHealthAndConfig" name="test_yearly_pricing_values" time="0.077" /><testcase classname="backend.tests.test_iteration31_payment_fix.TestPaymentEndpointsAuth" name="test_create_order_requires_auth" time="0.037" /><testcase classname="backend.tests.test_iteration31_payment_fix.TestPaymentEndpointsAuth" name="test_verify_payment_requires_auth" time="0.032" /><testcase classname="backend.tests.test_iteration31_payment_fix.TestPaymentEndpointsAuth" name="test_payment_history_requires_auth" time="0.035" /><testcase classname="backend.tests.test_iteration31_payment_fix.TestPaymentEndpointsAuth" name="test_user_subscription_requires_auth" time="0.036" /><testcase classname="backend.tests.test_iteration31_payment_fix.TestPaymentEndpointsAuth" name="test_subscription_cancel_requires_auth" time="0.042" /><testcase classname="backend.tests.test_iteration31_payment_fix.TestAuthEndpoints" name="test_auth_me_requires_session" time="0.032" /><testcase classname="backend.tests.test_iteration31_payment_fix.TestAuthEndpoints" name="test_business_requires_auth" time="0.033" /><testcase classname="backend.tests.test_iteration31_payment_fix.TestAuthEndpoints" name="test_user_plan_requires_auth" time="0.031" /><testcase classname="backend.tests.test_iteration31_payment_fix.TestPublicEndpoints" name="test_demo_qr_code_accessible" time="0.034"><failure message="assert 404 == 200&#10; +  where 404 = &lt;Response [404]&gt;.status_code">backend/tests/test_iteration31_payment_fix.py:158: in test_demo_qr_code_accessible
    assert response.status_code == 200
E   assert 404 == 200
E    +  where 404 = &lt;Response [404]&gt;.status_code</failure></testcase><testcase classname="backend.tests.test_iteration31_payment_fix.TestPublicEndpoints" name="test_payment_config_public" time="0.042" /></testsuite></testsuites>