<?xml version="1.0" encoding="utf-8"?><testsuites name="pytest tests"><testsuite name="pytest" errors="0" failures="1" skipped="0" tests="21" time="3.622" timestamp="2026-01-15T15:27:42.045671+00:00" hostname="agent-env-319b4c75-b602-464a-a173-9a4f6eba2fc2"><testcase classname="tests.test_iteration19_pricing_reviews.TestHealthEndpoints" name="test_health_endpoint" time="0.074"><failure message="requests.exceptions.JSONDecodeError: Expecting value: line 1 column 1 (char 0)">/root/.venv/lib/python3.11/site-packages/requests/models.py:976: in json
    return complexjson.loads(self.text, **kwargs)
           ^^^^^^^^^^^^^^^^^^^^^^^^^^^^^^^^^^^^^^
/usr/local/lib/python3.11/json/__init__.py:346: in loads
    return _default_decoder.decode(s)
           ^^^^^^^^^^^^^^^^^^^^^^^^^^
/usr/local/lib/python3.11/json/decoder.py:337: in decode
    obj, end = self.raw_decode(s, idx=_w(s, 0).end())
               ^^^^^^^^^^^^^^^^^^^^^^^^^^^^^^^^^^^^^^
/usr/local/lib/python3.11/json/decoder.py:355: in raw_decode
    raise JSONDecodeError("Expecting value", s, err.value) from None
E   json.decoder.JSONDecodeError: Expecting value: line 1 column 1 (char 0)

During handling of the above exception, another exception occurred:
tests/test_iteration19_pricing_reviews.py:24: in test_health_endpoint
    data = response.json()
           ^^^^^^^^^^^^^^^
/root/.venv/lib/python3.11/site-packages/requests/models.py:980: in json
    raise RequestsJSONDecodeError(e.msg, e.doc, e.pos)
E   requests.exceptions.JSONDecodeError: Expecting value: line 1 column 1 (char 0)</failure></testcase><testcase classname="tests.test_iteration19_pricing_reviews.TestHealthEndpoints" name="test_api_root" time="0.035" /><testcase classname="tests.test_iteration19_pricing_reviews.TestAuthEndpoints" name="test_auth_me_without_token" time="0.075" /><testcase classname="tests.test_iteration19_pricing_reviews.TestAuthEndpoints" name="test_auth_session_requires_session_id" time="0.074" /><testcase classname="tests.test_iteration19_pricing_reviews.TestAuthEndpoints" name="test_auth_session_with_plan_selection" time="0.165" /><testcase classname="tests.test_iteration19_pricing_reviews.TestReviewEndpoints" name="test_reviews_endpoint_requires_auth" time="0.038" /><testcase classname="tests.test_iteration19_pricing_reviews.TestReviewEndpoints" name="test_private_reviews_endpoint_requires_auth" time="0.032" /><testcase classname="tests.test_iteration19_pricing_reviews.TestReviewEndpoints" name="test_respond_endpoint_requires_auth" time="0.030" /><testcase classname="tests.test_iteration19_pricing_reviews.TestPlanEndpoints" name="test_user_plan_requires_auth" time="0.030" /><testcase classname="tests.test_iteration19_pricing_reviews.TestPlanEndpoints" name="test_plan_upgrade_requires_auth" time="0.074" /><testcase classname="tests.test_iteration19_pricing_reviews.TestAIEndpoints" name="test_public_ai_write_assist" time="2.507" /><testcase classname="tests.test_iteration19_pricing_reviews.TestAIEndpoints" name="test_ai_generate_response_requires_auth" time="0.032" /><testcase classname="tests.test_iteration19_pricing_reviews.TestIntegrationStatus" name="test_integration_status_requires_auth" time="0.036" /><testcase classname="tests.test_iteration19_pricing_reviews.TestIntegrationStatus" name="test_email_status_public" time="0.036" /><testcase classname="tests.test_iteration19_pricing_reviews.TestPlatformEndpoints" name="test_platforms_requires_auth" time="0.033" /><testcase classname="tests.test_iteration19_pricing_reviews.TestPlatformEndpoints" name="test_google_search_requires_auth" time="0.033" /><testcase classname="tests.test_iteration19_pricing_reviews.TestPlatformEndpoints" name="test_facebook_search_requires_auth" time="0.035" /><testcase classname="tests.test_iteration19_pricing_reviews.TestBusinessEndpoints" name="test_business_requires_auth" time="0.034" /><testcase classname="tests.test_iteration19_pricing_reviews.TestAnalyticsEndpoints" name="test_analytics_overview_requires_auth" time="0.032" /><testcase classname="tests.test_iteration19_pricing_reviews.TestAnalyticsEndpoints" name="test_analytics_trends_requires_auth" time="0.072" /><testcase classname="tests.test_iteration19_pricing_reviews.TestNotificationEndpoints" name="test_notification_settings_requires_auth" time="0.038" /></testsuite></testsuites>