<?xml version="1.0" encoding="utf-8"?><testsuites name="pytest tests"><testsuite name="pytest" errors="0" failures="0" skipped="0" tests="7" time="0.758" timestamp="2026-02-04T15:03:53.785661+00:00" hostname="agent-env-796b5d95-393e-4e36-abe4-8c9e1e6aa089"><testcase classname="backend.tests.test_iteration36_core.TestHealthEndpoint" name="test_health_endpoint_returns_200" time="0.071" /><testcase classname="backend.tests.test_iteration36_core.TestPaymentConfig" name="test_payment_config_returns_200" time="0.037" /><testcase classname="backend.tests.test_iteration36_core.TestPaymentConfig" name="test_payment_config_has_correct_pricing" time="0.036" /><testcase classname="backend.tests.test_iteration36_core.TestPaymentConfig" name="test_payment_config_has_subscription_links" time="0.032" /><testcase classname="backend.tests.test_iteration36_core.TestAuthEndpoints" name="test_auth_me_returns_401_without_session" time="0.075" /><testcase classname="backend.tests.test_iteration36_core.TestDemoQRCode" name="test_demo_qr_code_page_accessible" time="0.042" /><testcase classname="backend.tests.test_iteration36_core.TestGuestPayment" name="test_guest_create_order_works" time="0.413" /></testsuite></testsuites>