<?xml version="1.0" encoding="utf-8"?><testsuites name="pytest tests"><testsuite name="pytest" errors="0" failures="1" skipped="0" tests="16" time="4.614" timestamp="2026-01-16T08:03:25.030009+00:00" hostname="agent-env-af9015ef-07eb-42a7-bbc2-d250fc9e1b80"><testcase classname="tests.test_iteration20_trial_upgrade.TestHealthEndpoints" name="test_health_endpoint" time="0.095" /><testcase classname="tests.test_iteration20_trial_upgrade.TestHealthEndpoints" name="test_root_api_endpoint" time="0.040" /><testcase classname="tests.test_iteration20_trial_upgrade.TestTrialStatusEndpoint" name="test_trial_status_requires_auth" time="0.039" /><testcase classname="tests.test_iteration20_trial_upgrade.TestTrialStatusEndpoint" name="test_trial_status_with_invalid_token" time="0.040" /><testcase classname="tests.test_iteration20_trial_upgrade.TestPlanUpgradeEndpoint" name="test_plan_upgrade_requires_auth" time="0.041" /><testcase classname="tests.test_iteration20_trial_upgrade.TestPlanUpgradeEndpoint" name="test_plan_upgrade_with_invalid_token" time="0.036" /><testcase classname="tests.test_iteration20_trial_upgrade.TestUserPlanEndpoint" name="test_user_plan_requires_auth" time="0.035" /><testcase classname="tests.test_iteration20_trial_upgrade.TestAuthEndpoints" name="test_auth_me_without_token" time="0.039" /><testcase classname="tests.test_iteration20_trial_upgrade.TestAuthEndpoints" name="test_auth_session_endpoint_exists" time="0.076"><failure message="assert 405 in [400, 401, 422]&#10; +  where 405 = &lt;Response [405]&gt;.status_code">tests/test_iteration20_trial_upgrade.py:106: in test_auth_session_endpoint_exists
    assert response.status_code in [400, 401, 422]
E   assert 405 in [400, 401, 422]
E    +  where 405 = &lt;Response [405]&gt;.status_code</failure></testcase><testcase classname="tests.test_iteration20_trial_upgrade.TestPublicEndpoints" name="test_email_status_public" time="0.041" /><testcase classname="tests.test_iteration20_trial_upgrade.TestPublicEndpoints" name="test_public_ai_write_assist" time="3.857" /><testcase classname="tests.test_iteration20_trial_upgrade.TestIntegrationStatus" name="test_integration_status_requires_auth" time="0.034" /><testcase classname="tests.test_iteration20_trial_upgrade.TestReviewsEndpoints" name="test_reviews_requires_auth" time="0.035" /><testcase classname="tests.test_iteration20_trial_upgrade.TestReviewsEndpoints" name="test_reviews_respond_requires_auth" time="0.049" /><testcase classname="tests.test_iteration20_trial_upgrade.TestLocationsEndpoints" name="test_locations_requires_auth" time="0.037" /><testcase classname="tests.test_iteration20_trial_upgrade.TestBusinessEndpoints" name="test_business_requires_auth" time="0.034" /></testsuite></testsuites>