<?xml version="1.0" encoding="utf-8"?><testsuites name="pytest tests"><testsuite name="pytest" errors="0" failures="0" skipped="0" tests="13" time="1.829" timestamp="2026-01-15T13:53:06.237453+00:00" hostname="agent-env-319b4c75-b602-464a-a173-9a4f6eba2fc2"><testcase classname="tests.test_iteration18_mobile_nav.TestHealthEndpoints" name="test_health_endpoint" time="0.071" /><testcase classname="tests.test_iteration18_mobile_nav.TestHealthEndpoints" name="test_root_health_endpoint" time="0.062" /><testcase classname="tests.test_iteration18_mobile_nav.TestHealthEndpoints" name="test_api_root" time="0.042" /><testcase classname="tests.test_iteration18_mobile_nav.TestPublicEndpoints" name="test_public_business_not_found" time="0.082" /><testcase classname="tests.test_iteration18_mobile_nav.TestPublicEndpoints" name="test_email_status" time="0.038" /><testcase classname="tests.test_iteration18_mobile_nav.TestProtectedEndpoints" name="test_auth_me_requires_auth" time="0.054" /><testcase classname="tests.test_iteration18_mobile_nav.TestProtectedEndpoints" name="test_business_requires_auth" time="0.046" /><testcase classname="tests.test_iteration18_mobile_nav.TestProtectedEndpoints" name="test_reviews_requires_auth" time="0.037" /><testcase classname="tests.test_iteration18_mobile_nav.TestProtectedEndpoints" name="test_analytics_requires_auth" time="0.033" /><testcase classname="tests.test_iteration18_mobile_nav.TestProtectedEndpoints" name="test_notifications_settings_requires_auth" time="0.034" /><testcase classname="tests.test_iteration18_mobile_nav.TestProtectedEndpoints" name="test_platforms_requires_auth" time="0.034" /><testcase classname="tests.test_iteration18_mobile_nav.TestProtectedEndpoints" name="test_integration_status_requires_auth" time="0.039" /><testcase classname="tests.test_iteration18_mobile_nav.TestAIEndpoints" name="test_public_ai_write_assist" time="1.196" /></testsuite></testsuites>