<?xml version="1.0" encoding="utf-8"?><testsuites name="pytest tests"><testsuite name="pytest" errors="0" failures="2" skipped="0" tests="15" time="4.986" timestamp="2026-01-24T12:38:13.997168+00:00" hostname="agent-env-af9015ef-07eb-42a7-bbc2-d250fc9e1b80"><testcase classname="backend.tests.test_iteration21_demo_qr.TestHealthAndBasics" name="test_health_endpoint" time="0.109" /><testcase classname="backend.tests.test_iteration21_demo_qr.TestHealthAndBasics" name="test_root_api_endpoint" time="0.041" /><testcase classname="backend.tests.test_iteration21_demo_qr.TestDemoQRCodeFeatures" name="test_demo_business_endpoint_returns_data" time="0.041" /><testcase classname="backend.tests.test_iteration21_demo_qr.TestDemoQRCodeFeatures" name="test_demo_business_has_google_review_link" time="0.042" /><testcase classname="backend.tests.test_iteration21_demo_qr.TestDemoQRCodeFeatures" name="test_demo_business_has_facebook_page_url" time="0.036" /><testcase classname="backend.tests.test_iteration21_demo_qr.TestDemoQRCodeFeatures" name="test_demo_qr_with_different_suffix" time="0.041" /><testcase classname="backend.tests.test_iteration21_demo_qr.TestDemoQRCodeFeatures" name="test_non_demo_qr_returns_404" time="0.042" /><testcase classname="backend.tests.test_iteration21_demo_qr.TestDemoReviewSubmission" name="test_demo_review_submission_5_stars" time="0.036" /><testcase classname="backend.tests.test_iteration21_demo_qr.TestDemoReviewSubmission" name="test_demo_review_submission_3_stars" time="0.036" /><testcase classname="backend.tests.test_iteration21_demo_qr.TestDemoReviewSubmission" name="test_demo_review_submission_1_star" time="0.039" /><testcase classname="backend.tests.test_iteration21_demo_qr.TestDemoReviewSubmission" name="test_demo_review_with_facebook_platform" time="0.038" /><testcase classname="backend.tests.test_iteration21_demo_qr.TestDemoReviewSubmission" name="test_demo_review_with_direct_platform" time="0.043" /><testcase classname="backend.tests.test_iteration21_demo_qr.TestPublicAIEndpoints" name="test_ai_write_assist_endpoint" time="4.271" /><testcase classname="backend.tests.test_iteration21_demo_qr.TestPublicAIEndpoints" name="test_ai_enhance_endpoint" time="0.036"><failure message="assert 404 == 200&#10; +  where 404 = &lt;Response [404]&gt;.status_code">backend/tests/test_iteration21_demo_qr.py:274: in test_ai_enhance_endpoint
    assert response.status_code == 200
E   assert 404 == 200
E    +  where 404 = &lt;Response [404]&gt;.status_code</failure></testcase><testcase classname="backend.tests.test_iteration21_demo_qr.TestEmailServiceStatus" name="test_email_status_endpoint" time="0.040"><failure message="AssertionError: assert 'status' in {'enabled': False, 'message': 'Add RESEND_API_KEY to enable email notifications', 'provider': None, 'sender': None}">backend/tests/test_iteration21_demo_qr.py:292: in test_email_status_endpoint
    assert "status" in data
E   AssertionError: assert 'status' in {'enabled': False, 'message': 'Add RESEND_API_KEY to enable email notifications', 'provider': None, 'sender': None}</failure></testcase></testsuite></testsuites>