<?xml version="1.0" encoding="utf-8"?><testsuites name="pytest tests"><testsuite name="pytest" errors="0" failures="0" skipped="0" tests="7" time="3.081" timestamp="2026-01-31T18:41:36.981565+00:00" hostname="agent-env-ad77ab74-c028-4652-8a7d-79f2aef8794f"><testcase classname="backend.tests.test_iteration34_guest_payment.TestGuestPaymentFlow" name="test_payment_config_endpoint" time="0.062" /><testcase classname="backend.tests.test_iteration34_guest_payment.TestGuestPaymentFlow" name="test_guest_create_order_no_auth_required" time="0.360" /><testcase classname="backend.tests.test_iteration34_guest_payment.TestGuestPaymentFlow" name="test_guest_create_order_yearly_billing" time="0.341" /><testcase classname="backend.tests.test_iteration34_guest_payment.TestGuestPaymentFlow" name="test_guest_create_order_invalid_plan" time="0.041" /><testcase classname="backend.tests.test_iteration34_guest_payment.TestGuestPaymentFlow" name="test_guest_verify_endpoint_exists" time="0.042" /><testcase classname="backend.tests.test_iteration34_guest_payment.TestGuestPaymentFlow" name="test_activate_pending_requires_auth" time="0.039" /><testcase classname="backend.tests.test_iteration34_guest_payment.TestGuestPaymentFlow" name="test_all_plan_types_create_order" time="2.129" /></testsuite></testsuites>