<?xml version="1.0" encoding="utf-8"?><testsuites name="pytest tests"><testsuite name="pytest" errors="0" failures="0" skipped="0" tests="15" time="1.774" timestamp="2026-02-04T15:40:46.654033+00:00" hostname="agent-env-796b5d95-393e-4e36-abe4-8c9e1e6aa089"><testcase classname="backend.tests.test_iteration38_seo.TestHealthAndConfig" name="test_health_endpoint" time="0.349" /><testcase classname="backend.tests.test_iteration38_seo.TestHealthAndConfig" name="test_payment_config_endpoint" time="0.034" /><testcase classname="backend.tests.test_iteration38_seo.TestHealthAndConfig" name="test_subscription_link_starter" time="0.034" /><testcase classname="backend.tests.test_iteration38_seo.TestHealthAndConfig" name="test_subscription_link_growth" time="0.036" /><testcase classname="backend.tests.test_iteration38_seo.TestHealthAndConfig" name="test_subscription_link_enterprise" time="0.036" /><testcase classname="backend.tests.test_iteration38_seo.TestSEOMetaTags" name="test_page_source_has_seo_title" time="0.040" /><testcase classname="backend.tests.test_iteration38_seo.TestSEOMetaTags" name="test_page_source_has_meta_description" time="0.037" /><testcase classname="backend.tests.test_iteration38_seo.TestSEOMetaTags" name="test_page_source_has_open_graph_tags" time="0.036" /><testcase classname="backend.tests.test_iteration38_seo.TestSEOMetaTags" name="test_page_source_has_twitter_cards" time="0.042" /><testcase classname="backend.tests.test_iteration38_seo.TestSEOMetaTags" name="test_page_source_has_json_ld_software_application" time="0.037" /><testcase classname="backend.tests.test_iteration38_seo.TestSEOMetaTags" name="test_page_source_has_json_ld_faq" time="0.039" /><testcase classname="backend.tests.test_iteration38_seo.TestSEOMetaTags" name="test_page_source_has_canonical_url" time="0.036" /><testcase classname="backend.tests.test_iteration38_seo.TestSEOMetaTags" name="test_page_source_has_robots_meta" time="0.035" /><testcase classname="backend.tests.test_iteration38_seo.TestQRCodePublicPage" name="test_demo_qr_page_loads" time="0.037" /><testcase classname="backend.tests.test_iteration38_seo.TestGuestPayment" name="test_guest_create_order_endpoint" time="0.874" /></testsuite></testsuites>