<?xml version="1.0" encoding="utf-8"?><testsuites name="pytest tests"><testsuite name="pytest" errors="0" failures="0" skipped="0" tests="9" time="0.627" timestamp="2026-01-14T18:06:24.613756+00:00" hostname="agent-env-319b4c75-b602-464a-a173-9a4f6eba2fc2"><testcase classname="tests.test_iteration16_demo_mode.TestBackendHealth" name="test_api_health_endpoint" time="0.084" /><testcase classname="tests.test_iteration16_demo_mode.TestBackendHealth" name="test_api_root_endpoint" time="0.077" /><testcase classname="tests.test_iteration16_demo_mode.TestDemoModeBackend" name="test_auth_me_without_session_returns_401" time="0.038" /><testcase classname="tests.test_iteration16_demo_mode.TestDemoModeBackend" name="test_business_without_session_returns_401" time="0.074" /><testcase classname="tests.test_iteration16_demo_mode.TestDemoModeBackend" name="test_reviews_without_session_returns_401" time="0.074" /><testcase classname="tests.test_iteration16_demo_mode.TestAnalyticsEndpoint" name="test_analytics_overview_structure" time="0.084" /><testcase classname="tests.test_iteration16_demo_mode.TestIntegrationStatus" name="test_integration_status_endpoint" time="0.042" /><testcase classname="tests.test_iteration16_demo_mode.TestLocationsEndpoint" name="test_locations_list_endpoint" time="0.040" /><testcase classname="tests.test_iteration16_demo_mode.TestUserPlanEndpoint" name="test_user_plan_endpoint" time="0.037" /></testsuite></testsuites>