<?xml version="1.0" encoding="utf-8"?><testsuites name="pytest tests"><testsuite name="pytest" errors="0" failures="0" skipped="0" tests="21" time="9.554" timestamp="2026-01-11T08:03:45.380715+00:00" hostname="agent-env-b5216b19-2764-40a2-8bcf-6a406cf7b6ef"><testcase classname="tests.test_notifications_and_public_review.TestEmailStatus" name="test_get_email_status_returns_status" time="0.076" /><testcase classname="tests.test_notifications_and_public_review.TestIntegrationStatus" name="test_integration_status_requires_auth" time="0.037" /><testcase classname="tests.test_notifications_and_public_review.TestIntegrationStatus" name="test_integration_status_includes_email" time="0.037" /><testcase classname="tests.test_notifications_and_public_review.TestNotificationSettings" name="test_get_notification_settings_requires_auth" time="0.039" /><testcase classname="tests.test_notifications_and_public_review.TestNotificationSettings" name="test_get_notification_settings_returns_defaults" time="0.042" /><testcase classname="tests.test_notifications_and_public_review.TestNotificationSettings" name="test_update_notification_settings_requires_auth" time="0.038" /><testcase classname="tests.test_notifications_and_public_review.TestNotificationSettings" name="test_update_notification_settings" time="0.057" /><testcase classname="tests.test_notifications_and_public_review.TestNotificationSettings" name="test_send_test_notification_requires_auth" time="0.035" /><testcase classname="tests.test_notifications_and_public_review.TestNotificationSettings" name="test_send_test_notification" time="0.036" /><testcase classname="tests.test_notifications_and_public_review.TestPublicBusinessEndpoint" name="test_get_public_business_valid_qr_code" time="0.037" /><testcase classname="tests.test_notifications_and_public_review.TestPublicBusinessEndpoint" name="test_get_public_business_invalid_qr_code" time="0.036" /><testcase classname="tests.test_notifications_and_public_review.TestPublicReviewSubmission" name="test_submit_public_review_high_rating" time="0.036" /><testcase classname="tests.test_notifications_and_public_review.TestPublicReviewSubmission" name="test_submit_public_review_low_rating" time="0.037" /><testcase classname="tests.test_notifications_and_public_review.TestPublicReviewSubmission" name="test_submit_public_review_medium_rating" time="0.036" /><testcase classname="tests.test_notifications_and_public_review.TestPublicReviewSubmission" name="test_submit_public_review_4_star" time="0.035" /><testcase classname="tests.test_notifications_and_public_review.TestPublicReviewSubmission" name="test_submit_public_review_invalid_business" time="0.039" /><testcase classname="tests.test_notifications_and_public_review.TestAIWriteAssist" name="test_ai_write_assist_requires_auth" time="0.034" /><testcase classname="tests.test_notifications_and_public_review.TestAIWriteAssist" name="test_ai_write_assist_5_star" time="2.949" /><testcase classname="tests.test_notifications_and_public_review.TestAIWriteAssist" name="test_ai_write_assist_with_keywords" time="2.705" /><testcase classname="tests.test_notifications_and_public_review.TestAIWriteAssist" name="test_ai_write_assist_low_rating" time="2.980" /><testcase classname="tests.test_notifications_and_public_review.TestReviewRouting" name="test_review_routing_logic" time="0.152" /></testsuite></testsuites>