<?xml version="1.0" encoding="utf-8"?><testsuites name="pytest tests"><testsuite name="pytest" errors="0" failures="0" skipped="0" tests="24" time="1.846" timestamp="2026-01-10T13:23:46.776524+00:00" hostname="agent-env-b5216b19-2764-40a2-8bcf-6a406cf7b6ef"><testcase classname="tests.test_reviewflow_api.TestHealthEndpoints" name="test_health_endpoint" time="0.098" /><testcase classname="tests.test_reviewflow_api.TestHealthEndpoints" name="test_root_endpoint" time="0.036" /><testcase classname="tests.test_reviewflow_api.TestAuthEndpoints" name="test_auth_me_without_token" time="0.039" /><testcase classname="tests.test_reviewflow_api.TestAuthEndpoints" name="test_auth_me_with_token" time="0.038" /><testcase classname="tests.test_reviewflow_api.TestIntegrationStatus" name="test_integration_status_requires_auth" time="0.032" /><testcase classname="tests.test_reviewflow_api.TestIntegrationStatus" name="test_integration_status_with_auth" time="0.052" /><testcase classname="tests.test_reviewflow_api.TestBusinessEndpoints" name="test_get_business" time="0.039" /><testcase classname="tests.test_reviewflow_api.TestBusinessEndpoints" name="test_create_business_if_not_exists" time="0.073" /><testcase classname="tests.test_reviewflow_api.TestGoogleSearchEndpoints" name="test_google_search_requires_auth" time="0.032" /><testcase classname="tests.test_reviewflow_api.TestGoogleSearchEndpoints" name="test_google_search_with_auth" time="0.335" /><testcase classname="tests.test_reviewflow_api.TestGoogleSearchEndpoints" name="test_google_connect" time="0.082" /><testcase classname="tests.test_reviewflow_api.TestFacebookSearchEndpoints" name="test_facebook_search_requires_auth" time="0.032" /><testcase classname="tests.test_reviewflow_api.TestFacebookSearchEndpoints" name="test_facebook_search_with_auth" time="0.342" /><testcase classname="tests.test_reviewflow_api.TestFacebookSearchEndpoints" name="test_facebook_connect" time="0.080" /><testcase classname="tests.test_reviewflow_api.TestReviewsEndpoints" name="test_reviews_requires_auth" time="0.036" /><testcase classname="tests.test_reviewflow_api.TestReviewsEndpoints" name="test_get_reviews" time="0.036" /><testcase classname="tests.test_reviewflow_api.TestReviewsEndpoints" name="test_get_reviews_with_filters" time="0.077" /><testcase classname="tests.test_reviewflow_api.TestReviewsEndpoints" name="test_get_private_reviews" time="0.038" /><testcase classname="tests.test_reviewflow_api.TestReviewsSyncEndpoint" name="test_sync_reviews_requires_auth" time="0.035" /><testcase classname="tests.test_reviewflow_api.TestReviewsSyncEndpoint" name="test_sync_reviews" time="0.041" /><testcase classname="tests.test_reviewflow_api.TestPlatformsEndpoints" name="test_get_platforms" time="0.034" /><testcase classname="tests.test_reviewflow_api.TestAnalyticsEndpoints" name="test_analytics_overview" time="0.036" /><testcase classname="tests.test_reviewflow_api.TestReviewGeneration" name="test_reviews_have_varied_ratings" time="0.032" /><testcase classname="tests.test_reviewflow_api.TestReviewGeneration" name="test_reviews_have_varied_sentiments" time="0.038" /></testsuite></testsuites>