<?xml version="1.0" encoding="utf-8"?><testsuites name="pytest tests"><testsuite name="pytest" errors="0" failures="0" skipped="0" tests="11" time="0.607" timestamp="2026-01-11T08:22:35.588475+00:00" hostname="agent-env-b5216b19-2764-40a2-8bcf-6a406cf7b6ef"><testcase classname="tests.test_rebrand_and_notifications.TestAPIRebrand" name="test_api_root_returns_review_master" time="0.089" /><testcase classname="tests.test_rebrand_and_notifications.TestAPIRebrand" name="test_health_endpoint" time="0.038" /><testcase classname="tests.test_rebrand_and_notifications.TestNotificationSettings" name="test_get_notification_settings_requires_auth" time="0.038" /><testcase classname="tests.test_rebrand_and_notifications.TestNotificationSettings" name="test_get_notification_settings" time="0.042" /><testcase classname="tests.test_rebrand_and_notifications.TestNotificationSettings" name="test_update_notification_settings_requires_auth" time="0.039" /><testcase classname="tests.test_rebrand_and_notifications.TestNotificationSettings" name="test_update_notification_settings" time="0.108" /><testcase classname="tests.test_rebrand_and_notifications.TestNotificationSettings" name="test_send_test_email_requires_auth" time="0.041" /><testcase classname="tests.test_rebrand_and_notifications.TestNotificationSettings" name="test_send_test_email" time="0.036" /><testcase classname="tests.test_rebrand_and_notifications.TestEmailStatus" name="test_email_status_endpoint" time="0.034" /><testcase classname="tests.test_rebrand_and_notifications.TestIntegrationStatus" name="test_integration_status_requires_auth" time="0.037" /><testcase classname="tests.test_rebrand_and_notifications.TestIntegrationStatus" name="test_integration_status" time="0.034" /></testsuite></testsuites>