<?xml version="1.0" encoding="utf-8"?><testsuites name="pytest tests"><testsuite name="pytest" errors="0" failures="0" skipped="0" tests="22" time="2.961" timestamp="2026-01-11T07:21:57.894290+00:00" hostname="agent-env-b5216b19-2764-40a2-8bcf-6a406cf7b6ef"><testcase classname="tests.test_webhook_api.TestWebhookConfigEndpoints" name="test_get_webhook_config_requires_auth" time="0.070" /><testcase classname="tests.test_webhook_api.TestWebhookConfigEndpoints" name="test_get_webhook_config" time="0.080" /><testcase classname="tests.test_webhook_api.TestWebhookConfigEndpoints" name="test_update_webhook_config_requires_auth" time="0.039" /><testcase classname="tests.test_webhook_api.TestWebhookConfigEndpoints" name="test_update_webhook_config_enable_google" time="0.084" /><testcase classname="tests.test_webhook_api.TestWebhookConfigEndpoints" name="test_update_webhook_config_enable_both" time="0.077" /><testcase classname="tests.test_webhook_api.TestWebhookSecretRegeneration" name="test_regenerate_secret_requires_auth" time="0.039" /><testcase classname="tests.test_webhook_api.TestWebhookSecretRegeneration" name="test_regenerate_secret" time="0.111" /><testcase classname="tests.test_webhook_api.TestWebhookEventsEndpoint" name="test_get_events_requires_auth" time="0.035" /><testcase classname="tests.test_webhook_api.TestWebhookEventsEndpoint" name="test_get_events" time="0.039" /><testcase classname="tests.test_webhook_api.TestWebhookTestEndpoint" name="test_test_webhook_requires_auth" time="0.073" /><testcase classname="tests.test_webhook_api.TestWebhookTestEndpoint" name="test_test_google_webhook" time="0.111" /><testcase classname="tests.test_webhook_api.TestWebhookTestEndpoint" name="test_test_facebook_webhook" time="0.075" /><testcase classname="tests.test_webhook_api.TestWebhookTestEndpoint" name="test_test_invalid_platform" time="0.114" /><testcase classname="tests.test_webhook_api.TestGoogleWebhookHandler" name="test_google_webhook_not_found" time="0.112" /><testcase classname="tests.test_webhook_api.TestGoogleWebhookHandler" name="test_google_webhook_receives_review" time="0.159" /><testcase classname="tests.test_webhook_api.TestGoogleWebhookHandler" name="test_google_webhook_disabled" time="0.263" /><testcase classname="tests.test_webhook_api.TestFacebookWebhookHandler" name="test_facebook_webhook_not_found" time="0.112" /><testcase classname="tests.test_webhook_api.TestFacebookWebhookHandler" name="test_facebook_webhook_receives_review" time="0.121" /><testcase classname="tests.test_webhook_api.TestFacebookWebhookHandler" name="test_facebook_webhook_verification_challenge" time="0.117" /><testcase classname="tests.test_webhook_api.TestFacebookWebhookHandler" name="test_facebook_webhook_verification_fails_wrong_token" time="0.107" /><testcase classname="tests.test_webhook_api.TestFacebookWebhookHandler" name="test_facebook_webhook_disabled" time="0.186" /><testcase classname="tests.test_webhook_api.TestWebhookEventLogging" name="test_webhook_events_logged" time="0.691" /></testsuite></testsuites>